[2022-10-03 22:33:21,042] {dglosservice.py:69} Thread-3 INFO in dglosservice: data is {'inputs': ['karnataka'], 'srcLanguage': 'en', 'tgtLanguage': 'kn', 'metadata': {'userId': 'userId', 'receivedAt': 1664816601042, 'requestId': '50dc7166-1e3a-428c-9b97-d0601562796e'}}
[2022-10-03 22:33:21,043] {dglosservice.py:72} Thread-3 INFO in dglosservice: input iskarnataka
[2022-10-03 22:33:21,044] {dglosservice.py:73} Thread-3 INFO in dglosservice: 50dc7166-1e3a-428c-9b97-d0601562796e | Searching Glossary for phrases in: karnataka
[2022-10-03 22:33:21,045] {dglosservice.py:92} Thread-3 INFO in dglosservice: phrase karnataka
[2022-10-03 22:33:21,046] {dglosservice.py:100} Thread-3 INFO in dglosservice: phrase is karnataka
[2022-10-03 22:33:21,098] {dglosrepo.py:90} Thread-3 INFO in dglosrepo: Got 4 Hits!
[2022-10-03 22:33:21,099] {dglosservice.py:79} Thread-3 INFO in dglosservice: 50dc7166-1e3a-428c-9b97-d0601562796e | sentence: karnataka | compute_details: {'srcLanguage': 'en', 'tgtLanguage': 'kn', 'srcText': ' karnataka', 'tgtText': 'ಕರ್ನಾಟಕ', 'domain': 'legal', 'collectionSource': 'Anuvaad', 'level': 'p'}
[2022-10-03 22:33:21,102] {_internal.py:113} Thread-3 INFO in _internal: 127.0.0.1 - - [03/Oct/2022 22:33:21] "[37mGET /dmu-glossary/glossary-service/v1/sentence/phrases/search HTTP/1.1[0m" 200 -
[2022-10-03 22:34:21,594] {_internal.py:113} MainThread INFO in _internal:  * Detected change in 'C:\\Users\\Test\\Desktop\\glossary_service\\Indic-Glossary\\service\\dglosservice.py', reloading
[2022-10-03 22:34:21,715] {_internal.py:113} MainThread INFO in _internal:  * Restarting with stat
[2022-10-03 22:34:24,922] {_internal.py:113} MainThread WARNING in _internal:  * Debugger is active!
[2022-10-03 22:34:24,929] {_internal.py:113} MainThread INFO in _internal:  * Debugger PIN: 312-187-937
[2022-10-03 22:34:24,954] {_internal.py:113} Thread-1 INFO in _internal:  * Running on http://localhost:5001/ (Press CTRL+C to quit)
[2022-10-03 22:34:27,031] {dglosservice.py:69} Thread-2 INFO in dglosservice: data is {'inputs': ['karnataka'], 'srcLanguage': 'en', 'tgtLanguage': 'kn', 'metadata': {'userId': 'userId', 'receivedAt': 1664816667031, 'requestId': 'fe98f33c-aa26-42b0-b077-17eb73e96809'}}
[2022-10-03 22:34:27,033] {dglosservice.py:72} Thread-2 INFO in dglosservice: input iskarnataka
[2022-10-03 22:34:27,035] {dglosservice.py:73} Thread-2 INFO in dglosservice: fe98f33c-aa26-42b0-b077-17eb73e96809 | Searching Glossary for phrases in: karnataka
[2022-10-03 22:34:27,155] {_internal.py:113} Thread-2 INFO in _internal: 127.0.0.1 - - [03/Oct/2022 22:34:27] "[31m[1mGET /dmu-glossary/glossary-service/v1/sentence/phrases/search HTTP/1.1[0m" 400 -
[2022-10-03 22:36:29,383] {_internal.py:113} MainThread INFO in _internal:  * Detected change in 'C:\\Users\\Test\\Desktop\\glossary_service\\Indic-Glossary\\service\\dglosservice.py', reloading
[2022-10-03 22:36:29,534] {_internal.py:113} MainThread INFO in _internal:  * Restarting with stat
[2022-10-03 22:36:35,379] {_internal.py:113} MainThread WARNING in _internal:  * Debugger is active!
[2022-10-03 22:36:35,413] {_internal.py:113} MainThread INFO in _internal:  * Debugger PIN: 312-187-937
[2022-10-03 22:36:35,494] {_internal.py:113} Thread-1 INFO in _internal:  * Running on http://localhost:5001/ (Press CTRL+C to quit)
[2022-10-03 22:36:35,844] {dglosservice.py:69} Thread-2 INFO in dglosservice: data is {'inputs': ['karnataka'], 'srcLanguage': 'en', 'tgtLanguage': 'kn', 'metadata': {'userId': 'userId', 'receivedAt': 1664816795844, 'requestId': '134dbe12-e007-432b-b77a-94ed7dbefa78'}}
[2022-10-03 22:36:35,846] {dglosservice.py:72} Thread-2 INFO in dglosservice: input iskarnataka
[2022-10-03 22:36:35,847] {dglosservice.py:73} Thread-2 INFO in dglosservice: 134dbe12-e007-432b-b77a-94ed7dbefa78 | Searching Glossary for phrases in: karnataka
[2022-10-03 22:36:35,849] {dglosservice.py:86} Thread-2 INFO in dglosservice: sentence is karnataka,en,kn
[2022-10-03 22:36:35,851] {dglosservice.py:93} Thread-2 INFO in dglosservice: phrase karnataka
[2022-10-03 22:36:35,852] {dglosservice.py:101} Thread-2 INFO in dglosservice: phrase is karnataka
[2022-10-03 22:36:35,890] {dglosrepo.py:90} Thread-2 INFO in dglosrepo: Got 4 Hits!
[2022-10-03 22:36:35,892] {dglosservice.py:79} Thread-2 INFO in dglosservice: 134dbe12-e007-432b-b77a-94ed7dbefa78 | sentence: karnataka | compute_details: {'srcLanguage': 'en', 'tgtLanguage': 'kn', 'srcText': ' karnataka', 'tgtText': 'ಕರ್ನಾಟಕ', 'domain': 'legal', 'collectionSource': 'Anuvaad', 'level': 'p'}
[2022-10-03 22:36:35,900] {_internal.py:113} Thread-2 INFO in _internal: 127.0.0.1 - - [03/Oct/2022 22:36:35] "[37mGET /dmu-glossary/glossary-service/v1/sentence/phrases/search HTTP/1.1[0m" 200 -
[2022-10-03 22:40:29,330] {_internal.py:113} MainThread INFO in _internal:  * Detected change in 'C:\\Users\\Test\\Desktop\\glossary_service\\Indic-Glossary\\service\\dglosservice.py', reloading
[2022-10-03 22:40:29,522] {_internal.py:113} MainThread INFO in _internal:  * Restarting with stat
[2022-10-03 22:40:36,374] {_internal.py:113} MainThread WARNING in _internal:  * Debugger is active!
[2022-10-03 22:40:36,399] {_internal.py:113} MainThread INFO in _internal:  * Debugger PIN: 312-187-937
[2022-10-03 22:40:36,464] {_internal.py:113} Thread-1 INFO in _internal:  * Running on http://localhost:5001/ (Press CTRL+C to quit)
[2022-10-03 22:42:50,353] {_internal.py:113} MainThread INFO in _internal:  * Detected change in 'C:\\Users\\Test\\Desktop\\glossary_service\\Indic-Glossary\\service\\dglosservice.py', reloading
[2022-10-03 22:42:50,535] {_internal.py:113} MainThread INFO in _internal:  * Restarting with stat
[2022-10-03 22:42:57,327] {_internal.py:113} MainThread WARNING in _internal:  * Debugger is active!
[2022-10-03 22:42:57,356] {_internal.py:113} MainThread INFO in _internal:  * Debugger PIN: 312-187-937
[2022-10-03 22:42:57,426] {_internal.py:113} Thread-1 INFO in _internal:  * Running on http://localhost:5001/ (Press CTRL+C to quit)
[2022-10-03 22:46:28,724] {_internal.py:113} MainThread INFO in _internal:  * Detected change in 'C:\\Users\\Test\\Desktop\\glossary_service\\Indic-Glossary\\service\\dglosservice.py', reloading
[2022-10-03 22:46:28,873] {_internal.py:113} MainThread INFO in _internal:  * Restarting with stat
[2022-10-03 22:46:34,724] {_internal.py:113} MainThread WARNING in _internal:  * Debugger is active!
[2022-10-03 22:46:34,731] {_internal.py:113} MainThread INFO in _internal:  * Debugger PIN: 312-187-937
[2022-10-03 22:46:34,757] {_internal.py:113} Thread-1 INFO in _internal:  * Running on http://localhost:5001/ (Press CTRL+C to quit)
[2022-10-03 22:46:48,015] {dglosservice.py:69} Thread-2 INFO in dglosservice: data is {'inputs': ['karnataka'], 'srcLanguage': 'en', 'tgtLanguage': 'kn', 'metadata': {'userId': 'userId', 'receivedAt': 1664817408015, 'requestId': 'af032347-5eb1-4dd0-b61f-52b20538d0e3'}}
[2022-10-03 22:46:48,019] {dglosservice.py:72} Thread-2 INFO in dglosservice: input iskarnataka
[2022-10-03 22:46:48,022] {dglosservice.py:73} Thread-2 INFO in dglosservice: af032347-5eb1-4dd0-b61f-52b20538d0e3 | Searching Glossary for phrases in: karnataka
[2022-10-03 22:46:48,024] {dglosservice.py:86} Thread-2 INFO in dglosservice: sentence is karnataka,en,kn
[2022-10-03 22:46:48,026] {dglosservice.py:93} Thread-2 INFO in dglosservice: phrase karnataka
[2022-10-03 22:46:48,028] {dglosservice.py:101} Thread-2 INFO in dglosservice: phrase is karnataka
[2022-10-03 22:46:48,178] {_internal.py:113} Thread-2 INFO in _internal: 127.0.0.1 - - [03/Oct/2022 22:46:48] "[37mGET /dmu-glossary/glossary-service/v1/sentence/phrases/search HTTP/1.1[0m" 200 -
[2022-10-03 23:01:02,079] {_internal.py:113} MainThread INFO in _internal:  * Detected change in 'C:\\Users\\Test\\Desktop\\glossary_service\\Indic-Glossary\\service\\dglosservice.py', reloading
[2022-10-03 23:01:02,193] {_internal.py:113} MainThread INFO in _internal:  * Restarting with stat
[2022-10-03 23:01:06,542] {_internal.py:113} MainThread WARNING in _internal:  * Debugger is active!
[2022-10-03 23:01:06,548] {_internal.py:113} MainThread INFO in _internal:  * Debugger PIN: 312-187-937
[2022-10-03 23:01:06,623] {_internal.py:113} Thread-1 INFO in _internal:  * Running on http://localhost:5001/ (Press CTRL+C to quit)
[2022-10-03 23:01:11,365] {dglosservice.py:69} Thread-2 INFO in dglosservice: data is {'inputs': ['karnataka'], 'srcLanguage': 'en', 'tgtLanguage': 'kn', 'metadata': {'userId': 'userId', 'receivedAt': 1664818271365, 'requestId': '484713ce-0a9e-4114-a7f2-632df4e22595'}}
[2022-10-03 23:01:11,366] {dglosservice.py:72} Thread-2 INFO in dglosservice: input iskarnataka
[2022-10-03 23:01:11,366] {dglosservice.py:73} Thread-2 INFO in dglosservice: 484713ce-0a9e-4114-a7f2-632df4e22595 | Searching Glossary for phrases in: karnataka
[2022-10-03 23:01:11,366] {dglosservice.py:86} Thread-2 INFO in dglosservice: sentence is karnataka,en,kn
[2022-10-03 23:01:11,366] {dglosservice.py:93} Thread-2 INFO in dglosservice: phrase karnataka
[2022-10-03 23:01:11,366] {dglosservice.py:101} Thread-2 INFO in dglosservice: phrase is karnataka
[2022-10-03 23:01:11,450] {_internal.py:113} Thread-2 INFO in _internal: 127.0.0.1 - - [03/Oct/2022 23:01:11] "[37mGET /dmu-glossary/glossary-service/v1/sentence/phrases/search HTTP/1.1[0m" 200 -
[2022-10-03 23:05:54,533] {_internal.py:113} MainThread INFO in _internal:  * Detected change in 'C:\\Users\\Test\\Desktop\\glossary_service\\Indic-Glossary\\service\\dglosservice.py', reloading
[2022-10-03 23:05:54,654] {_internal.py:113} MainThread INFO in _internal:  * Restarting with stat
[2022-10-03 23:05:56,869] {_internal.py:113} MainThread WARNING in _internal:  * Debugger is active!
[2022-10-03 23:05:56,877] {_internal.py:113} MainThread INFO in _internal:  * Debugger PIN: 312-187-937
[2022-10-03 23:05:56,903] {_internal.py:113} Thread-1 INFO in _internal:  * Running on http://localhost:5001/ (Press CTRL+C to quit)
[2022-10-03 23:06:00,158] {dglosservice.py:69} Thread-2 INFO in dglosservice: data is {'inputs': ['karnataka'], 'srcLanguage': 'en', 'tgtLanguage': 'kn', 'metadata': {'userId': 'userId', 'receivedAt': 1664818560158, 'requestId': 'ce492134-d4af-4c3c-a5e7-0b0a81228188'}}
[2022-10-03 23:06:00,159] {dglosservice.py:72} Thread-2 INFO in dglosservice: input iskarnataka
[2022-10-03 23:06:00,159] {dglosservice.py:73} Thread-2 INFO in dglosservice: ce492134-d4af-4c3c-a5e7-0b0a81228188 | Searching Glossary for phrases in: karnataka
[2022-10-03 23:06:00,246] {_internal.py:113} Thread-2 INFO in _internal: 127.0.0.1 - - [03/Oct/2022 23:06:00] "[31m[1mGET /dmu-glossary/glossary-service/v1/sentence/phrases/search HTTP/1.1[0m" 400 -
[2022-10-03 23:06:21,798] {_internal.py:113} MainThread INFO in _internal:  * Detected change in 'C:\\Users\\Test\\Desktop\\glossary_service\\Indic-Glossary\\service\\dglosservice.py', reloading
[2022-10-03 23:06:21,908] {_internal.py:113} MainThread INFO in _internal:  * Restarting with stat
[2022-10-03 23:06:24,182] {_internal.py:113} MainThread WARNING in _internal:  * Debugger is active!
[2022-10-03 23:06:24,188] {_internal.py:113} MainThread INFO in _internal:  * Debugger PIN: 312-187-937
[2022-10-03 23:06:24,210] {_internal.py:113} Thread-1 INFO in _internal:  * Running on http://localhost:5001/ (Press CTRL+C to quit)
[2022-10-03 23:07:20,571] {_internal.py:113} MainThread INFO in _internal:  * Detected change in 'C:\\Users\\Test\\Desktop\\glossary_service\\Indic-Glossary\\service\\dglosservice.py', reloading
[2022-10-03 23:07:20,684] {_internal.py:113} MainThread INFO in _internal:  * Restarting with stat
[2022-10-03 23:07:22,533] {_internal.py:113} MainThread WARNING in _internal:  * Debugger is active!
[2022-10-03 23:07:22,539] {_internal.py:113} MainThread INFO in _internal:  * Debugger PIN: 312-187-937
[2022-10-03 23:07:22,558] {_internal.py:113} Thread-1 INFO in _internal:  * Running on http://localhost:5001/ (Press CTRL+C to quit)
[2022-10-03 23:07:28,058] {dglosservice.py:69} Thread-2 INFO in dglosservice: data is {'inputs': ['karnataka'], 'srcLanguage': 'en', 'tgtLanguage': 'kn', 'metadata': {'userId': 'userId', 'receivedAt': 1664818648057, 'requestId': '346fed6c-34ec-449f-be5f-244f8e8de968'}}
[2022-10-03 23:07:28,059] {dglosservice.py:72} Thread-2 INFO in dglosservice: input iskarnataka
[2022-10-03 23:07:28,059] {dglosservice.py:73} Thread-2 INFO in dglosservice: 346fed6c-34ec-449f-be5f-244f8e8de968 | Searching Glossary for phrases in: karnataka
[2022-10-03 23:07:28,060] {dglosservice.py:93} Thread-2 INFO in dglosservice: phrase karnataka
[2022-10-03 23:07:28,060] {dglosservice.py:101} Thread-2 INFO in dglosservice: phrase is karnataka
[2022-10-03 23:07:28,097] {dglosrepo.py:90} Thread-2 INFO in dglosrepo: Got 4 Hits!
[2022-10-03 23:07:28,098] {dglosservice.py:75} Thread-2 INFO in dglosservice: result is [{'srcLanguage': 'en', 'tgtLanguage': 'hi', 'srcText': ' karnataka', 'tgtText': 'कर्नाटक', 'domain': 'legal', 'collectionSource': 'Anuvaad', 'level': 'p', 'audit': {'createdTime': 1664814363933, 'glossaryId': 'f50427ea-7d3c-49ea-b8d2-db1da1c91d88'}, '@timestamp': '2022-10-03T21:56:04'}, {'srcLanguage': 'en', 'tgtLanguage': 'kn', 'srcText': ' karnataka', 'tgtText': 'ಕರ್ನಾಟಕ', 'domain': 'legal', 'collectionSource': 'Anuvaad', 'level': 'p', 'audit': {'createdTime': 1664814989659, 'glossaryId': 'ce83734c-18c8-4b34-9c1c-1531451daaf1'}, '@timestamp': '2022-10-03T22:06:29'}, {'srcLanguage': 'en', 'tgtLanguage': 'hi', 'srcText': 'high court of karnataka', 'tgtText': 'कर्नाटक उच्च न्यायालय', 'domain': 'legal', 'collectionSource': 'Anuvaad', 'level': 'p', 'audit': {'createdTime': 1664772234157, 'glossaryId': '2060219f-0256-486e-82b6-45f6e8d355eb'}, '@timestamp': '2022-10-03T10:13:54'}, {'srcLanguage': 'en', 'tgtLanguage': 'hi', 'srcText': 'high court of karnataka', 'tgtText': 'कर्नाटक उच्च न्यायालय', 'domain': 'legal', 'collectionSource': 'Anuvaad', 'level': 'p', 'audit': {'createdTime': 1664432917658, 'glossaryId': 'a60f47a1-18ab-4c4e-b363-c298a340b243'}, '@timestamp': '2022-09-29T11:58:37'}]
[2022-10-03 23:07:28,100] {dglosservice.py:80} Thread-2 INFO in dglosservice: 346fed6c-34ec-449f-be5f-244f8e8de968 | sentence: karnataka | compute_details: {'srcLanguage': 'en', 'tgtLanguage': 'kn', 'srcText': ' karnataka', 'tgtText': 'ಕರ್ನಾಟಕ', 'domain': 'legal', 'collectionSource': 'Anuvaad', 'level': 'p'}
[2022-10-03 23:07:28,102] {_internal.py:113} Thread-2 INFO in _internal: 127.0.0.1 - - [03/Oct/2022 23:07:28] "[37mGET /dmu-glossary/glossary-service/v1/sentence/phrases/search HTTP/1.1[0m" 200 -
[2022-10-03 23:10:12,268] {_internal.py:113} MainThread INFO in _internal:  * Detected change in 'C:\\Users\\Test\\Desktop\\glossary_service\\Indic-Glossary\\service\\dglosservice.py', reloading
[2022-10-03 23:10:12,378] {_internal.py:113} MainThread INFO in _internal:  * Restarting with stat
[2022-10-03 23:10:14,578] {_internal.py:113} MainThread WARNING in _internal:  * Debugger is active!
[2022-10-03 23:10:14,586] {_internal.py:113} MainThread INFO in _internal:  * Debugger PIN: 312-187-937
[2022-10-03 23:10:14,607] {_internal.py:113} Thread-1 INFO in _internal:  * Running on http://localhost:5001/ (Press CTRL+C to quit)
[2022-10-03 23:10:18,803] {dglosservice.py:69} Thread-2 INFO in dglosservice: data is {'inputs': ['karnataka'], 'srcLanguage': 'en', 'tgtLanguage': 'kn', 'metadata': {'userId': 'userId', 'receivedAt': 1664818818803, 'requestId': 'c8b11bb2-8db4-4a7b-ba07-e788a2a93ecc'}}
[2022-10-03 23:10:18,864] {_internal.py:113} Thread-2 INFO in _internal: 127.0.0.1 - - [03/Oct/2022 23:10:18] "[31m[1mGET /dmu-glossary/glossary-service/v1/sentence/phrases/search HTTP/1.1[0m" 400 -
[2022-10-03 23:10:31,006] {_internal.py:113} MainThread INFO in _internal:  * Detected change in 'C:\\Users\\Test\\Desktop\\glossary_service\\Indic-Glossary\\service\\dglosservice.py', reloading
[2022-10-03 23:10:31,130] {_internal.py:113} MainThread INFO in _internal:  * Restarting with stat
[2022-10-03 23:10:33,170] {_internal.py:113} MainThread WARNING in _internal:  * Debugger is active!
[2022-10-03 23:10:33,179] {_internal.py:113} MainThread INFO in _internal:  * Debugger PIN: 312-187-937
[2022-10-03 23:10:33,249] {_internal.py:113} Thread-1 INFO in _internal:  * Running on http://localhost:5001/ (Press CTRL+C to quit)
[2022-10-03 23:10:36,072] {dglosservice.py:69} Thread-2 INFO in dglosservice: data is {'inputs': ['karnataka'], 'srcLanguage': 'en', 'tgtLanguage': 'kn', 'metadata': {'userId': 'userId', 'receivedAt': 1664818836072, 'requestId': 'ee11d9c2-7988-48b7-bdb2-cda7b9a76b06'}}
[2022-10-03 23:10:36,161] {_internal.py:113} Thread-2 INFO in _internal: 127.0.0.1 - - [03/Oct/2022 23:10:36] "[31m[1mGET /dmu-glossary/glossary-service/v1/sentence/phrases/search HTTP/1.1[0m" 400 -
[2022-10-03 23:13:47,246] {_internal.py:113} MainThread INFO in _internal:  * Detected change in 'C:\\Users\\Test\\Desktop\\glossary_service\\Indic-Glossary\\service\\dglosservice.py', reloading
[2022-10-03 23:13:47,358] {_internal.py:113} MainThread INFO in _internal:  * Restarting with stat
[2022-10-03 23:13:49,143] {_internal.py:113} MainThread WARNING in _internal:  * Debugger is active!
[2022-10-03 23:13:49,151] {_internal.py:113} MainThread INFO in _internal:  * Debugger PIN: 312-187-937
[2022-10-03 23:13:49,172] {_internal.py:113} Thread-1 INFO in _internal:  * Running on http://localhost:5001/ (Press CTRL+C to quit)
[2022-10-03 23:13:52,614] {dglosservice.py:69} Thread-2 INFO in dglosservice: data is {'inputs': ['karnataka'], 'srcLanguage': 'en', 'tgtLanguage': 'kn', 'metadata': {'userId': 'userId', 'receivedAt': 1664819032613, 'requestId': 'a7e6b827-018e-4fc0-97d7-cce76577c32f'}}
[2022-10-03 23:13:52,668] {_internal.py:113} Thread-2 INFO in _internal: 127.0.0.1 - - [03/Oct/2022 23:13:52] "[31m[1mGET /dmu-glossary/glossary-service/v1/sentence/phrases/search HTTP/1.1[0m" 400 -
[2022-10-03 23:14:18,493] {_internal.py:113} MainThread INFO in _internal:  * Detected change in 'C:\\Users\\Test\\Desktop\\glossary_service\\Indic-Glossary\\service\\dglosservice.py', reloading
[2022-10-03 23:14:18,602] {_internal.py:113} MainThread INFO in _internal:  * Restarting with stat
[2022-10-03 23:14:20,412] {_internal.py:113} MainThread WARNING in _internal:  * Debugger is active!
[2022-10-03 23:14:20,419] {_internal.py:113} MainThread INFO in _internal:  * Debugger PIN: 312-187-937
[2022-10-03 23:14:20,435] {_internal.py:113} Thread-1 INFO in _internal:  * Running on http://localhost:5001/ (Press CTRL+C to quit)
[2022-10-03 23:14:25,009] {dglosservice.py:69} Thread-2 INFO in dglosservice: data is {'inputs': ['karnataka'], 'srcLanguage': 'en', 'tgtLanguage': 'kn', 'metadata': {'userId': 'userId', 'receivedAt': 1664819065009, 'requestId': '3e54655c-93bb-4638-9cd4-4fa294e6fef6'}}
[2022-10-03 23:14:25,085] {_internal.py:113} Thread-2 INFO in _internal: 127.0.0.1 - - [03/Oct/2022 23:14:25] "[31m[1mGET /dmu-glossary/glossary-service/v1/sentence/phrases/search HTTP/1.1[0m" 400 -
[2022-10-03 23:14:39,993] {_internal.py:113} MainThread INFO in _internal:  * Detected change in 'C:\\Users\\Test\\Desktop\\glossary_service\\Indic-Glossary\\service\\dglosservice.py', reloading
[2022-10-03 23:14:40,103] {_internal.py:113} MainThread INFO in _internal:  * Restarting with stat
[2022-10-03 23:14:42,506] {_internal.py:113} MainThread WARNING in _internal:  * Debugger is active!
[2022-10-03 23:14:42,513] {_internal.py:113} MainThread INFO in _internal:  * Debugger PIN: 312-187-937
[2022-10-03 23:14:42,530] {_internal.py:113} Thread-1 INFO in _internal:  * Running on http://localhost:5001/ (Press CTRL+C to quit)
[2022-10-03 23:14:44,458] {dglosservice.py:69} Thread-2 INFO in dglosservice: data is {'inputs': ['karnataka'], 'srcLanguage': 'en', 'tgtLanguage': 'kn', 'metadata': {'userId': 'userId', 'receivedAt': 1664819084457, 'requestId': '8b4bbd4d-410d-4a3e-bf55-2dab29888988'}}
[2022-10-03 23:14:44,459] {dglosservice.py:74} Thread-2 INFO in dglosservice: input iskarnataka
[2022-10-03 23:14:44,460] {dglosservice.py:75} Thread-2 INFO in dglosservice: 8b4bbd4d-410d-4a3e-bf55-2dab29888988 | Searching Glossary for phrases in: karnataka
[2022-10-03 23:14:44,460] {dglosservice.py:95} Thread-2 INFO in dglosservice: phrase karnataka
[2022-10-03 23:14:44,461] {dglosservice.py:103} Thread-2 INFO in dglosservice: phrase is karnataka
[2022-10-03 23:14:44,485] {dglosrepo.py:90} Thread-2 INFO in dglosrepo: Got 4 Hits!
[2022-10-03 23:14:44,485] {dglosservice.py:77} Thread-2 INFO in dglosservice: result is [{'srcLanguage': 'en', 'tgtLanguage': 'hi', 'srcText': ' karnataka', 'tgtText': 'कर्नाटक', 'domain': 'legal', 'collectionSource': 'Anuvaad', 'level': 'p', 'audit': {'createdTime': 1664814363933, 'glossaryId': 'f50427ea-7d3c-49ea-b8d2-db1da1c91d88'}, '@timestamp': '2022-10-03T21:56:04'}, {'srcLanguage': 'en', 'tgtLanguage': 'kn', 'srcText': ' karnataka', 'tgtText': 'ಕರ್ನಾಟಕ', 'domain': 'legal', 'collectionSource': 'Anuvaad', 'level': 'p', 'audit': {'createdTime': 1664814989659, 'glossaryId': 'ce83734c-18c8-4b34-9c1c-1531451daaf1'}, '@timestamp': '2022-10-03T22:06:29'}, {'srcLanguage': 'en', 'tgtLanguage': 'hi', 'srcText': 'high court of karnataka', 'tgtText': 'कर्नाटक उच्च न्यायालय', 'domain': 'legal', 'collectionSource': 'Anuvaad', 'level': 'p', 'audit': {'createdTime': 1664772234157, 'glossaryId': '2060219f-0256-486e-82b6-45f6e8d355eb'}, '@timestamp': '2022-10-03T10:13:54'}, {'srcLanguage': 'en', 'tgtLanguage': 'hi', 'srcText': 'high court of karnataka', 'tgtText': 'कर्नाटक उच्च न्यायालय', 'domain': 'legal', 'collectionSource': 'Anuvaad', 'level': 'p', 'audit': {'createdTime': 1664432917658, 'glossaryId': 'a60f47a1-18ab-4c4e-b363-c298a340b243'}, '@timestamp': '2022-09-29T11:58:37'}]
[2022-10-03 23:14:44,487] {dglosservice.py:82} Thread-2 INFO in dglosservice: 8b4bbd4d-410d-4a3e-bf55-2dab29888988 | sentence: karnataka | compute_details: {'srcLanguage': 'en', 'tgtLanguage': 'kn', 'srcText': ' karnataka', 'tgtText': 'ಕರ್ನಾಟಕ', 'domain': 'legal', 'collectionSource': 'Anuvaad', 'level': 'p'}
[2022-10-03 23:14:44,488] {_internal.py:113} Thread-2 INFO in _internal: 127.0.0.1 - - [03/Oct/2022 23:14:44] "[37mGET /dmu-glossary/glossary-service/v1/sentence/phrases/search HTTP/1.1[0m" 200 -
[2022-10-03 23:17:36,791] {_internal.py:113} MainThread INFO in _internal:  * Detected change in 'C:\\Users\\Test\\Desktop\\glossary_service\\Indic-Glossary\\service\\dglosservice.py', reloading
[2022-10-03 23:17:36,901] {_internal.py:113} MainThread INFO in _internal:  * Restarting with stat
[2022-10-03 23:17:38,967] {_internal.py:113} MainThread WARNING in _internal:  * Debugger is active!
[2022-10-03 23:17:38,975] {_internal.py:113} MainThread INFO in _internal:  * Debugger PIN: 312-187-937
[2022-10-03 23:17:38,995] {_internal.py:113} Thread-1 INFO in _internal:  * Running on http://localhost:5001/ (Press CTRL+C to quit)
[2022-10-03 23:18:21,147] {dglosservice.py:69} Thread-2 INFO in dglosservice: data is {'inputs': ['karnataka'], 'srcLanguage': 'en', 'tgtLanguage': 'kn', 'metadata': {'userId': 'userId', 'receivedAt': 1664819301147, 'requestId': 'd8f4b93c-6607-4f7b-8881-02e251a22bdc'}}
[2022-10-03 23:18:21,148] {dglosservice.py:72} Thread-2 INFO in dglosservice: src is e
[2022-10-03 23:18:21,148] {dglosservice.py:72} Thread-2 INFO in dglosservice: src is n
[2022-10-03 23:18:21,149] {dglosservice.py:75} Thread-2 INFO in dglosservice: input iskarnataka
[2022-10-03 23:18:21,150] {dglosservice.py:76} Thread-2 INFO in dglosservice: d8f4b93c-6607-4f7b-8881-02e251a22bdc | Searching Glossary for phrases in: karnataka
[2022-10-03 23:18:21,150] {dglosservice.py:96} Thread-2 INFO in dglosservice: phrase karnataka
[2022-10-03 23:18:21,151] {dglosservice.py:104} Thread-2 INFO in dglosservice: phrase is karnataka
[2022-10-03 23:18:21,167] {dglosrepo.py:90} Thread-2 INFO in dglosrepo: Got 4 Hits!
[2022-10-03 23:18:21,167] {dglosservice.py:78} Thread-2 INFO in dglosservice: result is [{'srcLanguage': 'en', 'tgtLanguage': 'hi', 'srcText': ' karnataka', 'tgtText': 'कर्नाटक', 'domain': 'legal', 'collectionSource': 'Anuvaad', 'level': 'p', 'audit': {'createdTime': 1664814363933, 'glossaryId': 'f50427ea-7d3c-49ea-b8d2-db1da1c91d88'}, '@timestamp': '2022-10-03T21:56:04'}, {'srcLanguage': 'en', 'tgtLanguage': 'kn', 'srcText': ' karnataka', 'tgtText': 'ಕರ್ನಾಟಕ', 'domain': 'legal', 'collectionSource': 'Anuvaad', 'level': 'p', 'audit': {'createdTime': 1664814989659, 'glossaryId': 'ce83734c-18c8-4b34-9c1c-1531451daaf1'}, '@timestamp': '2022-10-03T22:06:29'}, {'srcLanguage': 'en', 'tgtLanguage': 'hi', 'srcText': 'high court of karnataka', 'tgtText': 'कर्नाटक उच्च न्यायालय', 'domain': 'legal', 'collectionSource': 'Anuvaad', 'level': 'p', 'audit': {'createdTime': 1664772234157, 'glossaryId': '2060219f-0256-486e-82b6-45f6e8d355eb'}, '@timestamp': '2022-10-03T10:13:54'}, {'srcLanguage': 'en', 'tgtLanguage': 'hi', 'srcText': 'high court of karnataka', 'tgtText': 'कर्नाटक उच्च न्यायालय', 'domain': 'legal', 'collectionSource': 'Anuvaad', 'level': 'p', 'audit': {'createdTime': 1664432917658, 'glossaryId': 'a60f47a1-18ab-4c4e-b363-c298a340b243'}, '@timestamp': '2022-09-29T11:58:37'}]
[2022-10-03 23:18:21,169] {dglosservice.py:83} Thread-2 INFO in dglosservice: d8f4b93c-6607-4f7b-8881-02e251a22bdc | sentence: karnataka | compute_details: {'srcLanguage': 'en', 'tgtLanguage': 'kn', 'srcText': ' karnataka', 'tgtText': 'ಕರ್ನಾಟಕ', 'domain': 'legal', 'collectionSource': 'Anuvaad', 'level': 'p'}
[2022-10-03 23:18:21,172] {_internal.py:113} Thread-2 INFO in _internal: 127.0.0.1 - - [03/Oct/2022 23:18:21] "[37mGET /dmu-glossary/glossary-service/v1/sentence/phrases/search HTTP/1.1[0m" 200 -
[2022-10-03 23:23:26,514] {_internal.py:113} MainThread INFO in _internal:  * Detected change in 'C:\\Users\\Test\\Desktop\\glossary_service\\Indic-Glossary\\service\\dglosservice.py', reloading
[2022-10-03 23:23:26,618] {_internal.py:113} MainThread INFO in _internal:  * Restarting with stat
[2022-10-03 23:23:28,542] {_internal.py:113} MainThread WARNING in _internal:  * Debugger is active!
[2022-10-03 23:23:28,552] {_internal.py:113} MainThread INFO in _internal:  * Debugger PIN: 312-187-937
[2022-10-03 23:23:28,574] {_internal.py:113} Thread-1 INFO in _internal:  * Running on http://localhost:5001/ (Press CTRL+C to quit)
[2022-10-03 23:23:32,590] {dglosservice.py:69} Thread-2 INFO in dglosservice: data is {'inputs': ['karnataka'], 'srcLanguage': 'en', 'tgtLanguage': 'kn', 'metadata': {'userId': 'userId', 'receivedAt': 1664819612589, 'requestId': '7d42e0b0-b7d2-4cd6-9783-fed916fc8af1'}}
[2022-10-03 23:23:32,590] {dglosservice.py:72} Thread-2 INFO in dglosservice: src is en
[2022-10-03 23:23:32,590] {dglosservice.py:75} Thread-2 INFO in dglosservice: input iskarnataka
[2022-10-03 23:23:32,591] {dglosservice.py:76} Thread-2 INFO in dglosservice: 7d42e0b0-b7d2-4cd6-9783-fed916fc8af1 | Searching Glossary for phrases in: karnataka
[2022-10-03 23:23:32,591] {dglosservice.py:96} Thread-2 INFO in dglosservice: phrase karnataka
[2022-10-03 23:23:32,591] {dglosservice.py:104} Thread-2 INFO in dglosservice: phrase is karnataka
[2022-10-03 23:23:32,600] {dglosrepo.py:90} Thread-2 INFO in dglosrepo: Got 4 Hits!
[2022-10-03 23:23:32,601] {dglosservice.py:78} Thread-2 INFO in dglosservice: result is [{'srcLanguage': 'en', 'tgtLanguage': 'hi', 'srcText': ' karnataka', 'tgtText': 'कर्नाटक', 'domain': 'legal', 'collectionSource': 'Anuvaad', 'level': 'p', 'audit': {'createdTime': 1664814363933, 'glossaryId': 'f50427ea-7d3c-49ea-b8d2-db1da1c91d88'}, '@timestamp': '2022-10-03T21:56:04'}, {'srcLanguage': 'en', 'tgtLanguage': 'kn', 'srcText': ' karnataka', 'tgtText': 'ಕರ್ನಾಟಕ', 'domain': 'legal', 'collectionSource': 'Anuvaad', 'level': 'p', 'audit': {'createdTime': 1664814989659, 'glossaryId': 'ce83734c-18c8-4b34-9c1c-1531451daaf1'}, '@timestamp': '2022-10-03T22:06:29'}, {'srcLanguage': 'en', 'tgtLanguage': 'hi', 'srcText': 'high court of karnataka', 'tgtText': 'कर्नाटक उच्च न्यायालय', 'domain': 'legal', 'collectionSource': 'Anuvaad', 'level': 'p', 'audit': {'createdTime': 1664772234157, 'glossaryId': '2060219f-0256-486e-82b6-45f6e8d355eb'}, '@timestamp': '2022-10-03T10:13:54'}, {'srcLanguage': 'en', 'tgtLanguage': 'hi', 'srcText': 'high court of karnataka', 'tgtText': 'कर्नाटक उच्च न्यायालय', 'domain': 'legal', 'collectionSource': 'Anuvaad', 'level': 'p', 'audit': {'createdTime': 1664432917658, 'glossaryId': 'a60f47a1-18ab-4c4e-b363-c298a340b243'}, '@timestamp': '2022-09-29T11:58:37'}]
[2022-10-03 23:23:32,602] {dglosservice.py:83} Thread-2 INFO in dglosservice: 7d42e0b0-b7d2-4cd6-9783-fed916fc8af1 | sentence: karnataka | compute_details: {'srcLanguage': 'en', 'tgtLanguage': 'kn', 'srcText': ' karnataka', 'tgtText': 'ಕರ್ನಾಟಕ', 'domain': 'legal', 'collectionSource': 'Anuvaad', 'level': 'p'}
[2022-10-03 23:23:32,604] {_internal.py:113} Thread-2 INFO in _internal: 127.0.0.1 - - [03/Oct/2022 23:23:32] "[37mGET /dmu-glossary/glossary-service/v1/sentence/phrases/search HTTP/1.1[0m" 200 -
[2022-10-03 23:26:59,264] {_internal.py:113} MainThread INFO in _internal:  * Detected change in 'C:\\Users\\Test\\Desktop\\glossary_service\\Indic-Glossary\\service\\dglosservice.py', reloading
[2022-10-03 23:26:59,372] {_internal.py:113} MainThread INFO in _internal:  * Restarting with stat
[2022-10-03 23:27:01,310] {_internal.py:113} MainThread WARNING in _internal:  * Debugger is active!
[2022-10-03 23:27:01,317] {_internal.py:113} MainThread INFO in _internal:  * Debugger PIN: 312-187-937
[2022-10-03 23:27:01,338] {_internal.py:113} Thread-1 INFO in _internal:  * Running on http://localhost:5001/ (Press CTRL+C to quit)
[2022-10-03 23:27:06,622] {dglosservice.py:69} Thread-2 INFO in dglosservice: data is {'inputs': ['karnataka'], 'srcLanguage': 'en', 'tgtLanguage': 'kn', 'metadata': {'userId': 'userId', 'receivedAt': 1664819826622, 'requestId': '21c87027-e82d-4aaa-913c-c508086a3441'}}
[2022-10-03 23:27:06,622] {dglosservice.py:73} Thread-2 INFO in dglosservice: src is en
[2022-10-03 23:27:06,623] {dglosservice.py:76} Thread-2 INFO in dglosservice: input iskarnataka
[2022-10-03 23:27:06,623] {dglosservice.py:77} Thread-2 INFO in dglosservice: 21c87027-e82d-4aaa-913c-c508086a3441 | Searching Glossary for phrases in: karnataka
[2022-10-03 23:27:06,624] {dglosservice.py:99} Thread-2 INFO in dglosservice: phrase karnataka
[2022-10-03 23:27:06,624] {dglosservice.py:107} Thread-2 INFO in dglosservice: phrase is karnataka
[2022-10-03 23:27:06,634] {dglosrepo.py:90} Thread-2 INFO in dglosrepo: Got 4 Hits!
[2022-10-03 23:27:06,635] {dglosservice.py:79} Thread-2 INFO in dglosservice: result is [{'srcLanguage': 'en', 'tgtLanguage': 'hi', 'srcText': ' karnataka', 'tgtText': 'कर्नाटक', 'domain': 'legal', 'collectionSource': 'Anuvaad', 'level': 'p', 'audit': {'createdTime': 1664814363933, 'glossaryId': 'f50427ea-7d3c-49ea-b8d2-db1da1c91d88'}, '@timestamp': '2022-10-03T21:56:04'}, {'srcLanguage': 'en', 'tgtLanguage': 'kn', 'srcText': ' karnataka', 'tgtText': 'ಕರ್ನಾಟಕ', 'domain': 'legal', 'collectionSource': 'Anuvaad', 'level': 'p', 'audit': {'createdTime': 1664814989659, 'glossaryId': 'ce83734c-18c8-4b34-9c1c-1531451daaf1'}, '@timestamp': '2022-10-03T22:06:29'}, {'srcLanguage': 'en', 'tgtLanguage': 'hi', 'srcText': 'high court of karnataka', 'tgtText': 'कर्नाटक उच्च न्यायालय', 'domain': 'legal', 'collectionSource': 'Anuvaad', 'level': 'p', 'audit': {'createdTime': 1664772234157, 'glossaryId': '2060219f-0256-486e-82b6-45f6e8d355eb'}, '@timestamp': '2022-10-03T10:13:54'}, {'srcLanguage': 'en', 'tgtLanguage': 'hi', 'srcText': 'high court of karnataka', 'tgtText': 'कर्नाटक उच्च न्यायालय', 'domain': 'legal', 'collectionSource': 'Anuvaad', 'level': 'p', 'audit': {'createdTime': 1664432917658, 'glossaryId': 'a60f47a1-18ab-4c4e-b363-c298a340b243'}, '@timestamp': '2022-09-29T11:58:37'}]
[2022-10-03 23:27:06,669] {_internal.py:113} Thread-2 INFO in _internal: 127.0.0.1 - - [03/Oct/2022 23:27:06] "[31m[1mGET /dmu-glossary/glossary-service/v1/sentence/phrases/search HTTP/1.1[0m" 400 -
[2022-10-03 23:27:49,609] {_internal.py:113} MainThread INFO in _internal:  * Detected change in 'C:\\Users\\Test\\Desktop\\glossary_service\\Indic-Glossary\\service\\dglosservice.py', reloading
[2022-10-03 23:27:49,728] {_internal.py:113} MainThread INFO in _internal:  * Restarting with stat
[2022-10-03 23:27:51,621] {_internal.py:113} MainThread WARNING in _internal:  * Debugger is active!
[2022-10-03 23:27:51,630] {_internal.py:113} MainThread INFO in _internal:  * Debugger PIN: 312-187-937
[2022-10-03 23:27:51,647] {_internal.py:113} Thread-1 INFO in _internal:  * Running on http://localhost:5001/ (Press CTRL+C to quit)
[2022-10-03 23:30:08,225] {dglosservice.py:69} Thread-2 INFO in dglosservice: data is {'inputs': ['karnataka'], 'srcLanguage': 'en', 'tgtLanguage': 'kn', 'metadata': {'userId': 'userId', 'receivedAt': 1664820008225, 'requestId': '63ca07df-c1ff-486b-bc47-8b058502fb49'}}
[2022-10-03 23:30:08,226] {dglosservice.py:73} Thread-2 INFO in dglosservice: src is en
[2022-10-03 23:30:08,227] {dglosservice.py:76} Thread-2 INFO in dglosservice: input iskarnataka
[2022-10-03 23:30:08,228] {dglosservice.py:77} Thread-2 INFO in dglosservice: 63ca07df-c1ff-486b-bc47-8b058502fb49 | Searching Glossary for phrases in: karnataka
[2022-10-03 23:30:08,228] {dglosservice.py:99} Thread-2 INFO in dglosservice: phrase karnataka
[2022-10-03 23:30:08,229] {dglosservice.py:107} Thread-2 INFO in dglosservice: phrase is karnataka
[2022-10-03 23:30:08,241] {dglosrepo.py:90} Thread-2 INFO in dglosrepo: Got 4 Hits!
[2022-10-03 23:30:08,242] {dglosservice.py:79} Thread-2 INFO in dglosservice: result is [{'srcLanguage': 'en', 'tgtLanguage': 'hi', 'srcText': ' karnataka', 'tgtText': 'कर्नाटक', 'domain': 'legal', 'collectionSource': 'Anuvaad', 'level': 'p', 'audit': {'createdTime': 1664814363933, 'glossaryId': 'f50427ea-7d3c-49ea-b8d2-db1da1c91d88'}, '@timestamp': '2022-10-03T21:56:04'}, {'srcLanguage': 'en', 'tgtLanguage': 'kn', 'srcText': ' karnataka', 'tgtText': 'ಕರ್ನಾಟಕ', 'domain': 'legal', 'collectionSource': 'Anuvaad', 'level': 'p', 'audit': {'createdTime': 1664814989659, 'glossaryId': 'ce83734c-18c8-4b34-9c1c-1531451daaf1'}, '@timestamp': '2022-10-03T22:06:29'}, {'srcLanguage': 'en', 'tgtLanguage': 'hi', 'srcText': 'high court of karnataka', 'tgtText': 'कर्नाटक उच्च न्यायालय', 'domain': 'legal', 'collectionSource': 'Anuvaad', 'level': 'p', 'audit': {'createdTime': 1664772234157, 'glossaryId': '2060219f-0256-486e-82b6-45f6e8d355eb'}, '@timestamp': '2022-10-03T10:13:54'}, {'srcLanguage': 'en', 'tgtLanguage': 'hi', 'srcText': 'high court of karnataka', 'tgtText': 'कर्नाटक उच्च न्यायालय', 'domain': 'legal', 'collectionSource': 'Anuvaad', 'level': 'p', 'audit': {'createdTime': 1664432917658, 'glossaryId': 'a60f47a1-18ab-4c4e-b363-c298a340b243'}, '@timestamp': '2022-09-29T11:58:37'}]
[2022-10-03 23:30:08,280] {_internal.py:113} Thread-2 INFO in _internal: 127.0.0.1 - - [03/Oct/2022 23:30:08] "[31m[1mGET /dmu-glossary/glossary-service/v1/sentence/phrases/search HTTP/1.1[0m" 400 -
[2022-10-03 23:33:44,944] {_internal.py:113} MainThread INFO in _internal:  * Detected change in 'C:\\Users\\Test\\Desktop\\glossary_service\\Indic-Glossary\\service\\dglosservice.py', reloading
[2022-10-03 23:33:45,056] {_internal.py:113} MainThread INFO in _internal:  * Restarting with stat
[2022-10-03 23:33:47,067] {_internal.py:113} MainThread WARNING in _internal:  * Debugger is active!
[2022-10-03 23:33:47,074] {_internal.py:113} MainThread INFO in _internal:  * Debugger PIN: 312-187-937
[2022-10-03 23:33:47,095] {_internal.py:113} Thread-1 INFO in _internal:  * Running on http://localhost:5001/ (Press CTRL+C to quit)
[2022-10-03 23:33:49,957] {dglosservice.py:69} Thread-2 INFO in dglosservice: data is {'inputs': ['karnataka'], 'srcLanguage': 'en', 'tgtLanguage': 'kn', 'metadata': {'userId': 'userId', 'receivedAt': 1664820229957, 'requestId': '72211610-5af9-48cc-ae39-d114e9f705db'}}
[2022-10-03 23:33:49,958] {dglosservice.py:73} Thread-2 INFO in dglosservice: src is en
[2022-10-03 23:33:49,959] {dglosservice.py:76} Thread-2 INFO in dglosservice: input iskarnataka
[2022-10-03 23:33:49,959] {dglosservice.py:77} Thread-2 INFO in dglosservice: 72211610-5af9-48cc-ae39-d114e9f705db | Searching Glossary for phrases in: karnataka
[2022-10-03 23:33:49,960] {dglosservice.py:99} Thread-2 INFO in dglosservice: phrase karnataka
[2022-10-03 23:33:49,960] {dglosservice.py:107} Thread-2 INFO in dglosservice: phrase is karnataka
[2022-10-03 23:33:49,979] {dglosrepo.py:90} Thread-2 INFO in dglosrepo: Got 4 Hits!
[2022-10-03 23:33:49,979] {dglosservice.py:79} Thread-2 INFO in dglosservice: result is [{'srcLanguage': 'en', 'tgtLanguage': 'hi', 'srcText': ' karnataka', 'tgtText': 'कर्नाटक', 'domain': 'legal', 'collectionSource': 'Anuvaad', 'level': 'p', 'audit': {'createdTime': 1664814363933, 'glossaryId': 'f50427ea-7d3c-49ea-b8d2-db1da1c91d88'}, '@timestamp': '2022-10-03T21:56:04'}, {'srcLanguage': 'en', 'tgtLanguage': 'kn', 'srcText': ' karnataka', 'tgtText': 'ಕರ್ನಾಟಕ', 'domain': 'legal', 'collectionSource': 'Anuvaad', 'level': 'p', 'audit': {'createdTime': 1664814989659, 'glossaryId': 'ce83734c-18c8-4b34-9c1c-1531451daaf1'}, '@timestamp': '2022-10-03T22:06:29'}, {'srcLanguage': 'en', 'tgtLanguage': 'hi', 'srcText': 'high court of karnataka', 'tgtText': 'कर्नाटक उच्च न्यायालय', 'domain': 'legal', 'collectionSource': 'Anuvaad', 'level': 'p', 'audit': {'createdTime': 1664772234157, 'glossaryId': '2060219f-0256-486e-82b6-45f6e8d355eb'}, '@timestamp': '2022-10-03T10:13:54'}, {'srcLanguage': 'en', 'tgtLanguage': 'hi', 'srcText': 'high court of karnataka', 'tgtText': 'कर्नाटक उच्च न्यायालय', 'domain': 'legal', 'collectionSource': 'Anuvaad', 'level': 'p', 'audit': {'createdTime': 1664432917658, 'glossaryId': 'a60f47a1-18ab-4c4e-b363-c298a340b243'}, '@timestamp': '2022-09-29T11:58:37'}]
[2022-10-03 23:33:49,981] {dglosservice.py:86} Thread-2 INFO in dglosservice: 72211610-5af9-48cc-ae39-d114e9f705db | sentence: karnataka | compute_details: {'srcLanguage': 'en', 'tgtLanguage': 'kn', 'srcText': ' karnataka', 'tgtText': 'ಕರ್ನಾಟಕ', 'domain': 'legal', 'collectionSource': 'Anuvaad', 'level': 'p'}
[2022-10-03 23:33:49,984] {_internal.py:113} Thread-2 INFO in _internal: 127.0.0.1 - - [03/Oct/2022 23:33:49] "[37mGET /dmu-glossary/glossary-service/v1/sentence/phrases/search HTTP/1.1[0m" 200 -
[2022-10-03 23:37:25,737] {_internal.py:113} MainThread INFO in _internal:  * Detected change in 'C:\\Users\\Test\\Desktop\\glossary_service\\Indic-Glossary\\service\\dglosservice.py', reloading
[2022-10-03 23:37:25,847] {_internal.py:113} MainThread INFO in _internal:  * Restarting with stat
[2022-10-03 23:37:27,696] {_internal.py:113} MainThread WARNING in _internal:  * Debugger is active!
[2022-10-03 23:37:27,702] {_internal.py:113} MainThread INFO in _internal:  * Debugger PIN: 312-187-937
[2022-10-03 23:37:27,730] {_internal.py:113} Thread-1 INFO in _internal:  * Running on http://localhost:5001/ (Press CTRL+C to quit)
[2022-10-03 23:38:44,737] {_internal.py:113} MainThread INFO in _internal:  * Detected change in 'C:\\Users\\Test\\Desktop\\glossary_service\\Indic-Glossary\\service\\dglosservice.py', reloading
[2022-10-03 23:38:44,840] {_internal.py:113} MainThread INFO in _internal:  * Restarting with stat
[2022-10-03 23:38:46,888] {_internal.py:113} MainThread WARNING in _internal:  * Debugger is active!
[2022-10-03 23:38:46,895] {_internal.py:113} MainThread INFO in _internal:  * Debugger PIN: 312-187-937
[2022-10-03 23:38:46,915] {_internal.py:113} Thread-1 INFO in _internal:  * Running on http://localhost:5001/ (Press CTRL+C to quit)
[2022-10-03 23:38:55,191] {dglosservice.py:69} Thread-2 INFO in dglosservice: data is {'inputs': ['karnataka'], 'srcLanguage': 'en', 'tgtLanguage': 'kn', 'metadata': {'userId': 'userId', 'receivedAt': 1664820535191, 'requestId': '85396914-668a-4bc5-8669-9b3eb67ce634'}}
[2022-10-03 23:38:55,192] {dglosservice.py:73} Thread-2 INFO in dglosservice: src is en
[2022-10-03 23:38:55,193] {dglosservice.py:76} Thread-2 INFO in dglosservice: input iskarnataka
[2022-10-03 23:38:55,194] {dglosservice.py:77} Thread-2 INFO in dglosservice: 85396914-668a-4bc5-8669-9b3eb67ce634 | Searching Glossary for phrases in: karnataka
[2022-10-03 23:38:55,194] {dglosservice.py:100} Thread-2 INFO in dglosservice: phrase karnataka
[2022-10-03 23:38:55,195] {dglosservice.py:108} Thread-2 INFO in dglosservice: phrase is karnataka
[2022-10-03 23:38:55,237] {dglosrepo.py:90} Thread-2 INFO in dglosrepo: Got 4 Hits!
[2022-10-03 23:38:55,237] {dglosservice.py:79} Thread-2 INFO in dglosservice: result is [{'srcLanguage': 'en', 'tgtLanguage': 'hi', 'srcText': ' karnataka', 'tgtText': 'कर्नाटक', 'domain': 'legal', 'collectionSource': 'Anuvaad', 'level': 'p', 'audit': {'createdTime': 1664814363933, 'glossaryId': 'f50427ea-7d3c-49ea-b8d2-db1da1c91d88'}, '@timestamp': '2022-10-03T21:56:04'}, {'srcLanguage': 'en', 'tgtLanguage': 'kn', 'srcText': ' karnataka', 'tgtText': 'ಕರ್ನಾಟಕ', 'domain': 'legal', 'collectionSource': 'Anuvaad', 'level': 'p', 'audit': {'createdTime': 1664814989659, 'glossaryId': 'ce83734c-18c8-4b34-9c1c-1531451daaf1'}, '@timestamp': '2022-10-03T22:06:29'}, {'srcLanguage': 'en', 'tgtLanguage': 'hi', 'srcText': 'high court of karnataka', 'tgtText': 'कर्नाटक उच्च न्यायालय', 'domain': 'legal', 'collectionSource': 'Anuvaad', 'level': 'p', 'audit': {'createdTime': 1664772234157, 'glossaryId': '2060219f-0256-486e-82b6-45f6e8d355eb'}, '@timestamp': '2022-10-03T10:13:54'}, {'srcLanguage': 'en', 'tgtLanguage': 'hi', 'srcText': 'high court of karnataka', 'tgtText': 'कर्नाटक उच्च न्यायालय', 'domain': 'legal', 'collectionSource': 'Anuvaad', 'level': 'p', 'audit': {'createdTime': 1664432917658, 'glossaryId': 'a60f47a1-18ab-4c4e-b363-c298a340b243'}, '@timestamp': '2022-09-29T11:58:37'}]
[2022-10-03 23:38:55,274] {_internal.py:113} Thread-2 INFO in _internal: 127.0.0.1 - - [03/Oct/2022 23:38:55] "[31m[1mGET /dmu-glossary/glossary-service/v1/sentence/phrases/search HTTP/1.1[0m" 400 -
[2022-10-04 11:28:04,400] {_internal.py:113} MainThread INFO in _internal:  * Restarting with stat
[2022-10-04 11:28:07,135] {_internal.py:113} MainThread WARNING in _internal:  * Debugger is active!
[2022-10-04 11:28:07,179] {_internal.py:113} MainThread INFO in _internal:  * Debugger PIN: 312-187-937
[2022-10-04 11:28:07,257] {_internal.py:113} Thread-1 INFO in _internal:  * Running on http://localhost:5001/ (Press CTRL+C to quit)
[2022-10-04 11:28:12,373] {dglosservice.py:69} Thread-2 INFO in dglosservice: data is {'inputs': ['karnataka'], 'srcLanguage': 'en', 'tgtLanguage': 'kn', 'metadata': {'userId': 'userId', 'receivedAt': 1664863092372, 'requestId': '208a455b-563c-4470-82ac-c0f28806c63b'}}
[2022-10-04 11:28:12,375] {dglosservice.py:73} Thread-2 INFO in dglosservice: src is en
[2022-10-04 11:28:12,377] {dglosservice.py:76} Thread-2 INFO in dglosservice: input iskarnataka
[2022-10-04 11:28:12,378] {dglosservice.py:77} Thread-2 INFO in dglosservice: 208a455b-563c-4470-82ac-c0f28806c63b | Searching Glossary for phrases in: karnataka
[2022-10-04 11:28:12,380] {dglosservice.py:100} Thread-2 INFO in dglosservice: phrase karnataka
[2022-10-04 11:28:12,382] {dglosservice.py:108} Thread-2 INFO in dglosservice: phrase is karnataka
[2022-10-04 11:28:12,592] {dglosrepo.py:90} Thread-2 INFO in dglosrepo: Got 4 Hits!
[2022-10-04 11:28:12,593] {dglosservice.py:79} Thread-2 INFO in dglosservice: result is [{'srcLanguage': 'en', 'tgtLanguage': 'hi', 'srcText': ' karnataka', 'tgtText': 'कर्नाटक', 'domain': 'legal', 'collectionSource': 'Anuvaad', 'level': 'p', 'audit': {'createdTime': 1664814363933, 'glossaryId': 'f50427ea-7d3c-49ea-b8d2-db1da1c91d88'}, '@timestamp': '2022-10-03T21:56:04'}, {'srcLanguage': 'en', 'tgtLanguage': 'kn', 'srcText': ' karnataka', 'tgtText': 'ಕರ್ನಾಟಕ', 'domain': 'legal', 'collectionSource': 'Anuvaad', 'level': 'p', 'audit': {'createdTime': 1664814989659, 'glossaryId': 'ce83734c-18c8-4b34-9c1c-1531451daaf1'}, '@timestamp': '2022-10-03T22:06:29'}, {'srcLanguage': 'en', 'tgtLanguage': 'hi', 'srcText': 'high court of karnataka', 'tgtText': 'कर्नाटक उच्च न्यायालय', 'domain': 'legal', 'collectionSource': 'Anuvaad', 'level': 'p', 'audit': {'createdTime': 1664772234157, 'glossaryId': '2060219f-0256-486e-82b6-45f6e8d355eb'}, '@timestamp': '2022-10-03T10:13:54'}, {'srcLanguage': 'en', 'tgtLanguage': 'hi', 'srcText': 'high court of karnataka', 'tgtText': 'कर्नाटक उच्च न्यायालय', 'domain': 'legal', 'collectionSource': 'Anuvaad', 'level': 'p', 'audit': {'createdTime': 1664432917658, 'glossaryId': 'a60f47a1-18ab-4c4e-b363-c298a340b243'}, '@timestamp': '2022-09-29T11:58:37'}]
[2022-10-04 11:28:12,759] {_internal.py:113} Thread-2 INFO in _internal: 127.0.0.1 - - [04/Oct/2022 11:28:12] "[31m[1mGET /dmu-glossary/glossary-service/v1/sentence/phrases/search HTTP/1.1[0m" 400 -
[2022-10-04 11:32:05,879] {_internal.py:113} MainThread INFO in _internal:  * Detected change in 'C:\\Users\\Test\\Desktop\\glossary_service\\Indic-Glossary\\service\\dglosservice.py', reloading
[2022-10-04 11:32:06,120] {_internal.py:113} MainThread INFO in _internal:  * Restarting with stat
[2022-10-04 11:32:08,849] {_internal.py:113} MainThread WARNING in _internal:  * Debugger is active!
[2022-10-04 11:32:08,859] {_internal.py:113} MainThread INFO in _internal:  * Debugger PIN: 312-187-937
[2022-10-04 11:32:08,883] {_internal.py:113} Thread-1 INFO in _internal:  * Running on http://localhost:5001/ (Press CTRL+C to quit)
[2022-10-04 11:32:14,598] {dglosservice.py:69} Thread-2 INFO in dglosservice: data is {'inputs': ['karnataka'], 'srcLanguage': 'en', 'tgtLanguage': 'kn', 'metadata': {'userId': 'userId', 'receivedAt': 1664863334597, 'requestId': '47331daa-1beb-4844-96ab-2e913d728a5c'}}
[2022-10-04 11:32:14,599] {dglosservice.py:73} Thread-2 INFO in dglosservice: src is en
[2022-10-04 11:32:14,599] {dglosservice.py:76} Thread-2 INFO in dglosservice: input iskarnataka
[2022-10-04 11:32:14,600] {dglosservice.py:77} Thread-2 INFO in dglosservice: 47331daa-1beb-4844-96ab-2e913d728a5c | Searching Glossary for phrases in: karnataka
[2022-10-04 11:32:14,601] {dglosservice.py:99} Thread-2 INFO in dglosservice: phrase karnataka
[2022-10-04 11:32:14,602] {dglosservice.py:107} Thread-2 INFO in dglosservice: phrase is karnataka
[2022-10-04 11:32:14,662] {dglosrepo.py:90} Thread-2 INFO in dglosrepo: Got 4 Hits!
[2022-10-04 11:32:14,663] {dglosservice.py:79} Thread-2 INFO in dglosservice: result is [{'srcLanguage': 'en', 'tgtLanguage': 'hi', 'srcText': ' karnataka', 'tgtText': 'कर्नाटक', 'domain': 'legal', 'collectionSource': 'Anuvaad', 'level': 'p', 'audit': {'createdTime': 1664814363933, 'glossaryId': 'f50427ea-7d3c-49ea-b8d2-db1da1c91d88'}, '@timestamp': '2022-10-03T21:56:04'}, {'srcLanguage': 'en', 'tgtLanguage': 'kn', 'srcText': ' karnataka', 'tgtText': 'ಕರ್ನಾಟಕ', 'domain': 'legal', 'collectionSource': 'Anuvaad', 'level': 'p', 'audit': {'createdTime': 1664814989659, 'glossaryId': 'ce83734c-18c8-4b34-9c1c-1531451daaf1'}, '@timestamp': '2022-10-03T22:06:29'}, {'srcLanguage': 'en', 'tgtLanguage': 'hi', 'srcText': 'high court of karnataka', 'tgtText': 'कर्नाटक उच्च न्यायालय', 'domain': 'legal', 'collectionSource': 'Anuvaad', 'level': 'p', 'audit': {'createdTime': 1664772234157, 'glossaryId': '2060219f-0256-486e-82b6-45f6e8d355eb'}, '@timestamp': '2022-10-03T10:13:54'}, {'srcLanguage': 'en', 'tgtLanguage': 'hi', 'srcText': 'high court of karnataka', 'tgtText': 'कर्नाटक उच्च न्यायालय', 'domain': 'legal', 'collectionSource': 'Anuvaad', 'level': 'p', 'audit': {'createdTime': 1664432917658, 'glossaryId': 'a60f47a1-18ab-4c4e-b363-c298a340b243'}, '@timestamp': '2022-09-29T11:58:37'}]
[2022-10-04 11:32:14,723] {_internal.py:113} Thread-2 INFO in _internal: 127.0.0.1 - - [04/Oct/2022 11:32:14] "[31m[1mGET /dmu-glossary/glossary-service/v1/sentence/phrases/search HTTP/1.1[0m" 400 -
[2022-10-04 11:33:03,787] {dglosservice.py:69} Thread-3 INFO in dglosservice: data is {'inputs': ['karnataka'], 'metadata': {'userId': 'userId', 'receivedAt': 1664863383787, 'requestId': 'a50244ae-8a48-4f3d-91da-76643caf3acf'}}
[2022-10-04 11:33:03,845] {_internal.py:113} Thread-3 INFO in _internal: 127.0.0.1 - - [04/Oct/2022 11:33:03] "[31m[1mGET /dmu-glossary/glossary-service/v1/sentence/phrases/search HTTP/1.1[0m" 400 -
[2022-10-04 11:33:32,154] {_internal.py:113} MainThread INFO in _internal:  * Detected change in 'C:\\Users\\Test\\Desktop\\glossary_service\\Indic-Glossary\\service\\dglosservice.py', reloading
[2022-10-04 11:33:32,332] {_internal.py:113} MainThread INFO in _internal:  * Restarting with stat
[2022-10-04 11:33:35,331] {_internal.py:113} MainThread WARNING in _internal:  * Debugger is active!
[2022-10-04 11:33:35,340] {_internal.py:113} MainThread INFO in _internal:  * Debugger PIN: 312-187-937
[2022-10-04 11:33:35,361] {_internal.py:113} Thread-1 INFO in _internal:  * Running on http://localhost:5001/ (Press CTRL+C to quit)
[2022-10-04 11:33:40,398] {_internal.py:113} Thread-2 INFO in _internal: 127.0.0.1 - - [04/Oct/2022 11:33:40] "[31m[1mGET /dmu-glossary/glossary-service/v1/sentence/phrases/search HTTP/1.1[0m" 400 -
[2022-10-04 11:39:07,068] {dglosservice.py:69} Thread-3 INFO in dglosservice: 03058575-a7d2-4df4-9994-b04b33d9fbd2 | Searching Glossary for phrases in: karnataka
[2022-10-04 11:39:07,123] {dglosrepo.py:90} Thread-3 INFO in dglosrepo: Got 4 Hits!
[2022-10-04 11:39:07,124] {dglosservice.py:72} Thread-3 INFO in dglosservice: 03058575-a7d2-4df4-9994-b04b33d9fbd2 | sentence: karnataka | compute_details: {'computed': 1, 'found': 1}
[2022-10-04 11:39:07,127] {_internal.py:113} Thread-3 INFO in _internal: 127.0.0.1 - - [04/Oct/2022 11:39:07] "[37mGET /dmu-glossary/glossary-service/v1/sentence/phrases/search HTTP/1.1[0m" 200 -
[2022-10-04 11:39:44,829] {_internal.py:113} MainThread INFO in _internal:  * Detected change in 'C:\\Users\\Test\\Desktop\\glossary_service\\Indic-Glossary\\controller\\dgloscontroller.py', reloading
[2022-10-04 11:39:44,960] {_internal.py:113} MainThread INFO in _internal:  * Restarting with stat
[2022-10-04 11:39:47,870] {_internal.py:113} MainThread WARNING in _internal:  * Debugger is active!
[2022-10-04 11:39:47,884] {_internal.py:113} MainThread INFO in _internal:  * Debugger PIN: 312-187-937
[2022-10-04 11:39:47,922] {_internal.py:113} Thread-1 INFO in _internal:  * Running on http://localhost:5001/ (Press CTRL+C to quit)
[2022-10-04 11:44:30,819] {_internal.py:113} MainThread INFO in _internal:  * Detected change in 'C:\\Users\\Test\\Desktop\\glossary_service\\Indic-Glossary\\service\\dglosservice.py', reloading
[2022-10-04 11:44:31,008] {_internal.py:113} MainThread INFO in _internal:  * Restarting with stat
[2022-10-04 11:44:34,267] {_internal.py:113} MainThread WARNING in _internal:  * Debugger is active!
[2022-10-04 11:44:34,284] {_internal.py:113} MainThread INFO in _internal:  * Debugger PIN: 312-187-937
[2022-10-04 11:44:34,326] {_internal.py:113} Thread-1 INFO in _internal:  * Running on http://localhost:5001/ (Press CTRL+C to quit)
[2022-10-04 11:44:37,349] {dglosservice.py:67} Thread-2 INFO in dglosservice: the data is {'sentences': ['karnataka'], 'srcLanguage': 'en', 'tgtLanguage': 'kn', 'metadata': {'userId': 'userId', 'receivedAt': 1664864077349, 'requestId': '9c2c0e32-b38e-432a-96be-cd3bc7ad8e97'}}
[2022-10-04 11:44:37,350] {dglosservice.py:70} Thread-2 INFO in dglosservice: 9c2c0e32-b38e-432a-96be-cd3bc7ad8e97 | Searching Glossary for phrases in: karnataka
[2022-10-04 11:44:37,367] {dglosrepo.py:90} Thread-2 INFO in dglosrepo: Got 4 Hits!
[2022-10-04 11:44:37,368] {dglosservice.py:73} Thread-2 INFO in dglosservice: 9c2c0e32-b38e-432a-96be-cd3bc7ad8e97 | sentence: karnataka | compute_details: {'computed': 1, 'found': 1}
[2022-10-04 11:44:37,368] {dglosservice.py:76} Thread-2 INFO in dglosservice: the result  is [{'sentence': 'karnataka', 'glossaryPhrases': ([{'srcLanguage': 'en', 'tgtLanguage': 'hi', 'srcText': ' karnataka', 'tgtText': 'कर्नाटक', 'domain': 'legal', 'collectionSource': 'Anuvaad', 'level': 'p', 'audit': {'createdTime': 1664814363933, 'glossaryId': 'f50427ea-7d3c-49ea-b8d2-db1da1c91d88'}, '@timestamp': '2022-10-03T21:56:04'}, {'srcLanguage': 'en', 'tgtLanguage': 'kn', 'srcText': ' karnataka', 'tgtText': 'ಕರ್ನಾಟಕ', 'domain': 'legal', 'collectionSource': 'Anuvaad', 'level': 'p', 'audit': {'createdTime': 1664814989659, 'glossaryId': 'ce83734c-18c8-4b34-9c1c-1531451daaf1'}, '@timestamp': '2022-10-03T22:06:29'}, {'srcLanguage': 'en', 'tgtLanguage': 'hi', 'srcText': 'high court of karnataka', 'tgtText': 'कर्नाटक उच्च न्यायालय', 'domain': 'legal', 'collectionSource': 'Anuvaad', 'level': 'p', 'audit': {'createdTime': 1664772234157, 'glossaryId': '2060219f-0256-486e-82b6-45f6e8d355eb'}, '@timestamp': '2022-10-03T10:13:54'}, {'srcLanguage': 'en', 'tgtLanguage': 'hi', 'srcText': 'high court of karnataka', 'tgtText': 'कर्नाटक उच्च न्यायालय', 'domain': 'legal', 'collectionSource': 'Anuvaad', 'level': 'p', 'audit': {'createdTime': 1664432917658, 'glossaryId': 'a60f47a1-18ab-4c4e-b363-c298a340b243'}, '@timestamp': '2022-09-29T11:58:37'}], {'computed': 1, 'found': 1})}]
[2022-10-04 11:44:37,372] {_internal.py:113} Thread-2 INFO in _internal: 127.0.0.1 - - [04/Oct/2022 11:44:37] "[37mGET /dmu-glossary/glossary-service/v1/sentence/phrases/search HTTP/1.1[0m" 200 -
[2022-10-04 11:49:16,255] {_internal.py:113} MainThread INFO in _internal:  * Detected change in 'C:\\Users\\Test\\Desktop\\glossary_service\\Indic-Glossary\\service\\dglosservice.py', reloading
[2022-10-04 11:49:16,381] {_internal.py:113} MainThread INFO in _internal:  * Restarting with stat
[2022-10-04 11:49:21,769] {_internal.py:113} MainThread WARNING in _internal:  * Debugger is active!
[2022-10-04 11:49:21,777] {_internal.py:113} MainThread INFO in _internal:  * Debugger PIN: 312-187-937
[2022-10-04 11:49:21,934] {_internal.py:113} Thread-1 INFO in _internal:  * Running on http://localhost:5001/ (Press CTRL+C to quit)
[2022-10-04 13:18:01,923] {dglosservice.py:26} Thread-2 INFO in dglosservice: 5e556ac5-94ba-4873-8d5e-ad395ca55525 | Uploading Glossary...
[2022-10-04 13:18:01,923] {dglosservice.py:33} Thread-2 INFO in dglosservice: 5e556ac5-94ba-4873-8d5e-ad395ca55525 | Pushing to the backup store...
[2022-10-04 13:18:02,017] {dglosservice.py:35} Thread-2 INFO in dglosservice: 5e556ac5-94ba-4873-8d5e-ad395ca55525 | Pushing to ES...
[2022-10-04 13:18:03,209] {dglosservice.py:38} Thread-2 INFO in dglosservice: 5e556ac5-94ba-4873-8d5e-ad395ca55525 | Upload Complete!
[2022-10-04 13:18:03,211] {_internal.py:113} Thread-2 INFO in _internal: 127.0.0.1 - - [04/Oct/2022 13:18:03] "[37mPOST /dmu-glossary/glossary-service/v1/glossary/create HTTP/1.1[0m" 200 -
[2022-10-04 13:18:20,978] {dglosservice.py:47} Thread-3 INFO in dglosservice: cdc6d92e-0b74-4c32-9c6b-1e7a5e741ed0 | Uploading Glossary File...
[2022-10-04 13:18:22,857] {dglosservice.py:26} Thread-3 INFO in dglosservice: cdc6d92e-0b74-4c32-9c6b-1e7a5e741ed0 | Uploading Glossary...
[2022-10-04 13:18:22,858] {dglosservice.py:33} Thread-3 INFO in dglosservice: cdc6d92e-0b74-4c32-9c6b-1e7a5e741ed0 | Pushing to the backup store...
[2022-10-04 13:18:22,862] {dglosservice.py:35} Thread-3 INFO in dglosservice: cdc6d92e-0b74-4c32-9c6b-1e7a5e741ed0 | Pushing to ES...
[2022-10-04 13:18:24,007] {dglosservice.py:38} Thread-3 INFO in dglosservice: cdc6d92e-0b74-4c32-9c6b-1e7a5e741ed0 | Upload Complete!
[2022-10-04 13:18:24,008] {dglosservice.py:59} Thread-3 INFO in dglosservice: cdc6d92e-0b74-4c32-9c6b-1e7a5e741ed0 | Upload Complete!
[2022-10-04 13:18:24,010] {_internal.py:113} Thread-3 INFO in _internal: 127.0.0.1 - - [04/Oct/2022 13:18:24] "[37mPOST /dmu-glossary/glossary-service/v1/glossary/file/upload HTTP/1.1[0m" 200 -
[2022-10-04 13:18:43,781] {dglosservice.py:67} Thread-4 INFO in dglosservice: the data is {'sentences': ['high court of karnataka'], 'srcLanguage': 'en', 'tgtLanguage': 'kn', 'metadata': {'userId': 'userId', 'receivedAt': 1664869723780, 'requestId': '3b1eef50-9b30-4dab-845e-c321ec663f73'}}
[2022-10-04 13:18:43,782] {dglosservice.py:70} Thread-4 INFO in dglosservice: 3b1eef50-9b30-4dab-845e-c321ec663f73 | Searching Glossary for phrases in: high court of karnataka
[2022-10-04 13:18:43,854] {dglosrepo.py:90} Thread-4 INFO in dglosrepo: Got 5 Hits!
[2022-10-04 13:18:43,855] {dglosservice.py:73} Thread-4 INFO in dglosservice: 3b1eef50-9b30-4dab-845e-c321ec663f73 | sentence: high court of karnataka | compute_details: {'computed': 1, 'found': 1}
[2022-10-04 13:18:43,856] {dglosservice.py:76} Thread-4 INFO in dglosservice: the result  is [{'sentence': 'high court of karnataka', 'glossaryPhrases': ([{'srcLanguage': 'en', 'tgtLanguage': 'hi', 'srcText': 'high court of karnataka', 'tgtText': 'कर्नाटक उच्च न्यायालय', 'domain': 'legal', 'collectionSource': 'Anuvaad', 'level': 'p', 'audit': {'createdTime': 1664772234157, 'glossaryId': '2060219f-0256-486e-82b6-45f6e8d355eb'}, '@timestamp': '2022-10-03T10:13:54'}, {'srcLanguage': 'en', 'tgtLanguage': 'hi', 'srcText': 'high court of karnataka', 'tgtText': 'कर्नाटक उच्च न्यायालय', 'domain': 'legal', 'collectionSource': 'Anuvaad', 'level': 'p', 'audit': {'createdTime': 1664432917658, 'glossaryId': 'a60f47a1-18ab-4c4e-b363-c298a340b243'}, '@timestamp': '2022-09-29T11:58:37'}, {'srcLanguage': 'en', 'tgtLanguage': 'hi', 'srcText': 'high court', 'tgtText': 'उच्च न्यायालय', 'domain': 'legal', 'collectionSource': 'Anuvaad', 'level': 'p', 'audit': {'createdTime': 1664432753880, 'glossaryId': '13da1013-7af5-4ce4-ab85-e3ef53c9ca42'}, '@timestamp': '2022-09-29T11:55:54'}, {'srcLanguage': 'en', 'tgtLanguage': 'hi', 'srcText': ' karnataka', 'tgtText': 'कर्नाटक', 'domain': 'legal', 'collectionSource': 'Anuvaad', 'level': 'p', 'audit': {'createdTime': 1664814363933, 'glossaryId': 'f50427ea-7d3c-49ea-b8d2-db1da1c91d88'}, '@timestamp': '2022-10-03T21:56:04'}, {'srcLanguage': 'en', 'tgtLanguage': 'kn', 'srcText': ' karnataka', 'tgtText': 'ಕರ್ನಾಟಕ', 'domain': 'legal', 'collectionSource': 'Anuvaad', 'level': 'p', 'audit': {'createdTime': 1664814989659, 'glossaryId': 'ce83734c-18c8-4b34-9c1c-1531451daaf1'}, '@timestamp': '2022-10-03T22:06:29'}], {'computed': 1, 'found': 1})}]
[2022-10-04 13:18:43,862] {_internal.py:113} Thread-4 INFO in _internal: 127.0.0.1 - - [04/Oct/2022 13:18:43] "[37mGET /dmu-glossary/glossary-service/v1/sentence/phrases/search HTTP/1.1[0m" 200 -
[2022-10-04 13:24:38,221] {_internal.py:113} MainThread INFO in _internal:  * Detected change in 'C:\\Users\\Test\\Desktop\\glossary_service\\Indic-Glossary\\service\\dglosservice.py', reloading
[2022-10-04 13:24:38,851] {_internal.py:113} MainThread INFO in _internal:  * Restarting with stat
[2022-10-04 13:24:45,608] {_internal.py:113} MainThread WARNING in _internal:  * Debugger is active!
[2022-10-04 13:24:45,619] {_internal.py:113} MainThread INFO in _internal:  * Debugger PIN: 312-187-937
[2022-10-04 13:24:45,708] {_internal.py:113} Thread-1 INFO in _internal:  * Running on http://localhost:5001/ (Press CTRL+C to quit)
[2022-10-04 13:32:16,609] {_internal.py:113} MainThread INFO in _internal:  * Detected change in 'C:\\Users\\Test\\Desktop\\glossary_service\\Indic-Glossary\\service\\dglosservice.py', reloading
[2022-10-04 13:32:16,736] {_internal.py:113} MainThread INFO in _internal:  * Restarting with stat
[2022-10-04 13:32:20,808] {_internal.py:113} MainThread WARNING in _internal:  * Debugger is active!
[2022-10-04 13:32:20,819] {_internal.py:113} MainThread INFO in _internal:  * Debugger PIN: 312-187-937
[2022-10-04 13:32:20,844] {_internal.py:113} Thread-1 INFO in _internal:  * Running on http://localhost:5001/ (Press CTRL+C to quit)
[2022-10-04 13:32:31,691] {dglosservice.py:69} Thread-2 INFO in dglosservice: the data is {'sentences': ['high court of karnataka'], 'srcLanguage': 'en', 'tgtLanguage': 'kn', 'metadata': {'userId': 'userId', 'receivedAt': 1664870551691, 'requestId': '62ce37d4-1233-4c21-9ea8-9b10ee9052f3'}}
[2022-10-04 13:32:31,692] {dglosservice.py:72} Thread-2 INFO in dglosservice: 62ce37d4-1233-4c21-9ea8-9b10ee9052f3 | Searching Glossary for phrases in: high court of karnataka
[2022-10-04 13:32:31,752] {dglosrepo.py:90} Thread-2 INFO in dglosrepo: Got 5 Hits!
[2022-10-04 13:32:31,753] {dglosservice.py:78} Thread-2 INFO in dglosservice: 62ce37d4-1233-4c21-9ea8-9b10ee9052f3 | sentence: high court of karnataka | compute_details: {'srcLanguage': 'en', 'tgtLanguage': 'hi', 'srcText': 'high court of karnataka', 'tgtText': 'कर्नाटक उच्च न्यायालय', 'domain': 'legal', 'collectionSource': 'Anuvaad', 'level': 'p', 'audit': {'createdTime': 1664432917658, 'glossaryId': 'a60f47a1-18ab-4c4e-b363-c298a340b243'}, '@timestamp': '2022-09-29T11:58:37'}
[2022-10-04 13:32:31,755] {dglosservice.py:81} Thread-2 INFO in dglosservice: the result  is [{'sentence': 'high court of karnataka', 'glossaryPhrases': [{'srcLanguage': 'en', 'tgtLanguage': 'hi', 'srcText': 'high court of karnataka', 'tgtText': 'कर्नाटक उच्च न्यायालय', 'domain': 'legal', 'collectionSource': 'Anuvaad', 'level': 'p', 'audit': {'createdTime': 1664772234157, 'glossaryId': '2060219f-0256-486e-82b6-45f6e8d355eb'}, '@timestamp': '2022-10-03T10:13:54'}, {'srcLanguage': 'en', 'tgtLanguage': 'hi', 'srcText': 'high court of karnataka', 'tgtText': 'कर्नाटक उच्च न्यायालय', 'domain': 'legal', 'collectionSource': 'Anuvaad', 'level': 'p', 'audit': {'createdTime': 1664432917658, 'glossaryId': 'a60f47a1-18ab-4c4e-b363-c298a340b243'}, '@timestamp': '2022-09-29T11:58:37'}, {'srcLanguage': 'en', 'tgtLanguage': 'hi', 'srcText': 'high court', 'tgtText': 'उच्च न्यायालय', 'domain': 'legal', 'collectionSource': 'Anuvaad', 'level': 'p', 'audit': {'createdTime': 1664432753880, 'glossaryId': '13da1013-7af5-4ce4-ab85-e3ef53c9ca42'}, '@timestamp': '2022-09-29T11:55:54'}, {'srcLanguage': 'en', 'tgtLanguage': 'hi', 'srcText': ' karnataka', 'tgtText': 'कर्नाटक', 'domain': 'legal', 'collectionSource': 'Anuvaad', 'level': 'p', 'audit': {'createdTime': 1664814363933, 'glossaryId': 'f50427ea-7d3c-49ea-b8d2-db1da1c91d88'}, '@timestamp': '2022-10-03T21:56:04'}, {'srcLanguage': 'en', 'tgtLanguage': 'kn', 'srcText': ' karnataka', 'tgtText': 'ಕರ್ನಾಟಕ', 'domain': 'legal', 'collectionSource': 'Anuvaad', 'level': 'p', 'audit': {'createdTime': 1664814989659, 'glossaryId': 'ce83734c-18c8-4b34-9c1c-1531451daaf1'}, '@timestamp': '2022-10-03T22:06:29'}]}]
[2022-10-04 13:32:31,763] {_internal.py:113} Thread-2 INFO in _internal: 127.0.0.1 - - [04/Oct/2022 13:32:31] "[37mGET /dmu-glossary/glossary-service/v1/sentence/phrases/search HTTP/1.1[0m" 200 -
[2022-10-04 13:33:33,134] {_internal.py:113} MainThread INFO in _internal:  * Detected change in 'C:\\Users\\Test\\Desktop\\glossary_service\\Indic-Glossary\\config\\dglosconfigs.py', reloading
[2022-10-04 13:33:33,245] {_internal.py:113} MainThread INFO in _internal:  * Restarting with stat
[2022-10-04 13:33:35,018] {_internal.py:113} MainThread WARNING in _internal:  * Debugger is active!
[2022-10-04 13:33:35,025] {_internal.py:113} MainThread INFO in _internal:  * Debugger PIN: 312-187-937
[2022-10-04 13:33:35,044] {_internal.py:113} Thread-1 INFO in _internal:  * Running on http://localhost:5001/ (Press CTRL+C to quit)
[2022-10-04 13:34:10,779] {dglosservice.py:28} Thread-2 INFO in dglosservice: 1d92cee3-dde7-4391-b343-2bc53384b5b5 | Uploading Glossary...
[2022-10-04 13:34:10,780] {dglosservice.py:35} Thread-2 INFO in dglosservice: 1d92cee3-dde7-4391-b343-2bc53384b5b5 | Pushing to the backup store...
[2022-10-04 13:34:10,827] {dglosservice.py:37} Thread-2 INFO in dglosservice: 1d92cee3-dde7-4391-b343-2bc53384b5b5 | Pushing to ES...
[2022-10-04 13:34:11,397] {dglosservice.py:40} Thread-2 INFO in dglosservice: 1d92cee3-dde7-4391-b343-2bc53384b5b5 | Upload Complete!
[2022-10-04 13:34:11,399] {_internal.py:113} Thread-2 INFO in _internal: 127.0.0.1 - - [04/Oct/2022 13:34:11] "[37mPOST /glossary-service/v1/glossary/create HTTP/1.1[0m" 200 -
[2022-10-04 13:34:23,062] {dglosservice.py:49} Thread-3 INFO in dglosservice: a3f90f35-1603-45d5-94f4-ad9267f37394 | Uploading Glossary File...
[2022-10-04 13:34:23,758] {dglosservice.py:28} Thread-3 INFO in dglosservice: a3f90f35-1603-45d5-94f4-ad9267f37394 | Uploading Glossary...
[2022-10-04 13:34:23,759] {dglosservice.py:35} Thread-3 INFO in dglosservice: a3f90f35-1603-45d5-94f4-ad9267f37394 | Pushing to the backup store...
[2022-10-04 13:34:23,761] {dglosservice.py:37} Thread-3 INFO in dglosservice: a3f90f35-1603-45d5-94f4-ad9267f37394 | Pushing to ES...
[2022-10-04 13:34:24,435] {dglosservice.py:40} Thread-3 INFO in dglosservice: a3f90f35-1603-45d5-94f4-ad9267f37394 | Upload Complete!
[2022-10-04 13:34:24,436] {dglosservice.py:61} Thread-3 INFO in dglosservice: a3f90f35-1603-45d5-94f4-ad9267f37394 | Upload Complete!
[2022-10-04 13:34:24,437] {_internal.py:113} Thread-3 INFO in _internal: 127.0.0.1 - - [04/Oct/2022 13:34:24] "[37mPOST /glossary-service/v1/glossary/file/upload HTTP/1.1[0m" 200 -
[2022-10-04 13:34:44,440] {dglosservice.py:69} Thread-4 INFO in dglosservice: the data is {'sentences': ['high court of karnataka'], 'srcLanguage': 'en', 'tgtLanguage': 'kn', 'metadata': {'userId': 'userId', 'receivedAt': 1664870684440, 'requestId': '22b9149b-55ce-4a4d-ba63-b06e9770a52f'}}
[2022-10-04 13:34:44,440] {dglosservice.py:72} Thread-4 INFO in dglosservice: 22b9149b-55ce-4a4d-ba63-b06e9770a52f | Searching Glossary for phrases in: high court of karnataka
[2022-10-04 13:34:44,460] {dglosrepo.py:90} Thread-4 INFO in dglosrepo: Got 5 Hits!
[2022-10-04 13:34:44,460] {dglosservice.py:78} Thread-4 INFO in dglosservice: 22b9149b-55ce-4a4d-ba63-b06e9770a52f | sentence: high court of karnataka | compute_details: {'srcLanguage': 'en', 'tgtLanguage': 'hi', 'srcText': 'high court of karnataka', 'tgtText': 'कर्नाटक उच्च न्यायालय', 'domain': 'legal', 'collectionSource': 'Anuvaad', 'level': 'p', 'audit': {'createdTime': 1664432917658, 'glossaryId': 'a60f47a1-18ab-4c4e-b363-c298a340b243'}, '@timestamp': '2022-09-29T11:58:37'}
[2022-10-04 13:34:44,461] {dglosservice.py:81} Thread-4 INFO in dglosservice: the result  is [{'sentence': 'high court of karnataka', 'glossaryPhrases': [{'srcLanguage': 'en', 'tgtLanguage': 'hi', 'srcText': 'high court of karnataka', 'tgtText': 'कर्नाटक उच्च न्यायालय', 'domain': 'legal', 'collectionSource': 'Anuvaad', 'level': 'p', 'audit': {'createdTime': 1664772234157, 'glossaryId': '2060219f-0256-486e-82b6-45f6e8d355eb'}, '@timestamp': '2022-10-03T10:13:54'}, {'srcLanguage': 'en', 'tgtLanguage': 'hi', 'srcText': 'high court of karnataka', 'tgtText': 'कर्नाटक उच्च न्यायालय', 'domain': 'legal', 'collectionSource': 'Anuvaad', 'level': 'p', 'audit': {'createdTime': 1664432917658, 'glossaryId': 'a60f47a1-18ab-4c4e-b363-c298a340b243'}, '@timestamp': '2022-09-29T11:58:37'}, {'srcLanguage': 'en', 'tgtLanguage': 'hi', 'srcText': 'high court', 'tgtText': 'उच्च न्यायालय', 'domain': 'legal', 'collectionSource': 'Anuvaad', 'level': 'p', 'audit': {'createdTime': 1664432753880, 'glossaryId': '13da1013-7af5-4ce4-ab85-e3ef53c9ca42'}, '@timestamp': '2022-09-29T11:55:54'}, {'srcLanguage': 'en', 'tgtLanguage': 'hi', 'srcText': ' karnataka', 'tgtText': 'कर्नाटक', 'domain': 'legal', 'collectionSource': 'Anuvaad', 'level': 'p', 'audit': {'createdTime': 1664814363933, 'glossaryId': 'f50427ea-7d3c-49ea-b8d2-db1da1c91d88'}, '@timestamp': '2022-10-03T21:56:04'}, {'srcLanguage': 'en', 'tgtLanguage': 'kn', 'srcText': ' karnataka', 'tgtText': 'ಕರ್ನಾಟಕ', 'domain': 'legal', 'collectionSource': 'Anuvaad', 'level': 'p', 'audit': {'createdTime': 1664814989659, 'glossaryId': 'ce83734c-18c8-4b34-9c1c-1531451daaf1'}, '@timestamp': '2022-10-03T22:06:29'}]}]
[2022-10-04 13:34:44,464] {_internal.py:113} Thread-4 INFO in _internal: 127.0.0.1 - - [04/Oct/2022 13:34:44] "[37mGET /glossary-service/v1/sentence/phrases/search HTTP/1.1[0m" 200 -
[2022-10-04 13:39:42,899] {_internal.py:113} MainThread INFO in _internal:  * Restarting with stat
[2022-10-04 13:39:44,634] {_internal.py:113} MainThread WARNING in _internal:  * Debugger is active!
[2022-10-04 13:39:44,640] {_internal.py:113} MainThread INFO in _internal:  * Debugger PIN: 312-187-937
[2022-10-04 13:39:44,705] {_internal.py:113} Thread-1 INFO in _internal:  * Running on http://localhost:5001/ (Press CTRL+C to quit)
[2022-10-04 13:39:51,407] {dglosservice.py:28} Thread-2 INFO in dglosservice: ce1a5eef-35fa-4f82-9151-912e2dd42b8d | Uploading Glossary...
[2022-10-04 13:39:51,408] {dglosservice.py:35} Thread-2 INFO in dglosservice: ce1a5eef-35fa-4f82-9151-912e2dd42b8d | Pushing to the backup store...
[2022-10-04 13:39:51,476] {dglosservice.py:37} Thread-2 INFO in dglosservice: ce1a5eef-35fa-4f82-9151-912e2dd42b8d | Pushing to ES...
[2022-10-04 13:39:51,880] {dglosservice.py:40} Thread-2 INFO in dglosservice: ce1a5eef-35fa-4f82-9151-912e2dd42b8d | Upload Complete!
[2022-10-04 13:39:51,881] {_internal.py:113} Thread-2 INFO in _internal: 127.0.0.1 - - [04/Oct/2022 13:39:51] "[37mPOST /glossary-service/v1/glossary/create HTTP/1.1[0m" 200 -
[2022-10-04 13:40:03,839] {dglosservice.py:49} Thread-3 INFO in dglosservice: 06c088e1-4c0a-4325-a722-cb159ceb9443 | Uploading Glossary File...
[2022-10-04 13:40:04,697] {dglosservice.py:28} Thread-3 INFO in dglosservice: 06c088e1-4c0a-4325-a722-cb159ceb9443 | Uploading Glossary...
[2022-10-04 13:40:04,698] {dglosservice.py:35} Thread-3 INFO in dglosservice: 06c088e1-4c0a-4325-a722-cb159ceb9443 | Pushing to the backup store...
[2022-10-04 13:40:04,699] {dglosservice.py:37} Thread-3 INFO in dglosservice: 06c088e1-4c0a-4325-a722-cb159ceb9443 | Pushing to ES...
[2022-10-04 13:40:05,339] {dglosservice.py:40} Thread-3 INFO in dglosservice: 06c088e1-4c0a-4325-a722-cb159ceb9443 | Upload Complete!
[2022-10-04 13:40:05,340] {dglosservice.py:61} Thread-3 INFO in dglosservice: 06c088e1-4c0a-4325-a722-cb159ceb9443 | Upload Complete!
[2022-10-04 13:40:05,341] {_internal.py:113} Thread-3 INFO in _internal: 127.0.0.1 - - [04/Oct/2022 13:40:05] "[37mPOST /glossary-service/v1/glossary/file/upload HTTP/1.1[0m" 200 -
[2022-10-04 13:40:17,178] {dglosservice.py:69} Thread-4 INFO in dglosservice: the data is {'sentences': ['high court of karnataka'], 'srcLanguage': 'en', 'tgtLanguage': 'kn', 'metadata': {'userId': 'userId', 'receivedAt': 1664871017178, 'requestId': 'ccba3718-6328-45dd-a4c3-fa86c8d7bd62'}}
[2022-10-04 13:40:17,180] {dglosservice.py:72} Thread-4 INFO in dglosservice: ccba3718-6328-45dd-a4c3-fa86c8d7bd62 | Searching Glossary for phrases in: high court of karnataka
[2022-10-04 13:40:17,216] {dglosrepo.py:90} Thread-4 INFO in dglosrepo: Got 5 Hits!
[2022-10-04 13:40:17,217] {dglosservice.py:79} Thread-4 INFO in dglosservice: ccba3718-6328-45dd-a4c3-fa86c8d7bd62 | sentence: high court of karnataka | compute_details: {'srcLanguage': 'en', 'tgtLanguage': 'hi', 'srcText': 'high court of karnataka', 'tgtText': 'कर्नाटक उच्च न्यायालय', 'domain': 'legal', 'collectionSource': 'Anuvaad', 'level': 'p'}
[2022-10-04 13:40:17,219] {dglosservice.py:82} Thread-4 INFO in dglosservice: the result  is [{'sentence': 'high court of karnataka', 'glossaryPhrases': [{'srcLanguage': 'en', 'tgtLanguage': 'hi', 'srcText': 'high court of karnataka', 'tgtText': 'कर्नाटक उच्च न्यायालय', 'domain': 'legal', 'collectionSource': 'Anuvaad', 'level': 'p'}, {'srcLanguage': 'en', 'tgtLanguage': 'hi', 'srcText': 'high court of karnataka', 'tgtText': 'कर्नाटक उच्च न्यायालय', 'domain': 'legal', 'collectionSource': 'Anuvaad', 'level': 'p'}, {'srcLanguage': 'en', 'tgtLanguage': 'hi', 'srcText': 'high court', 'tgtText': 'उच्च न्यायालय', 'domain': 'legal', 'collectionSource': 'Anuvaad', 'level': 'p'}, {'srcLanguage': 'en', 'tgtLanguage': 'hi', 'srcText': ' karnataka', 'tgtText': 'कर्नाटक', 'domain': 'legal', 'collectionSource': 'Anuvaad', 'level': 'p'}, {'srcLanguage': 'en', 'tgtLanguage': 'kn', 'srcText': ' karnataka', 'tgtText': 'ಕರ್ನಾಟಕ', 'domain': 'legal', 'collectionSource': 'Anuvaad', 'level': 'p'}]}]
[2022-10-04 13:40:17,223] {_internal.py:113} Thread-4 INFO in _internal: 127.0.0.1 - - [04/Oct/2022 13:40:17] "[37mGET /glossary-service/v1/sentence/phrases/search HTTP/1.1[0m" 200 -
[2022-10-04 13:42:07,848] {_internal.py:113} MainThread INFO in _internal:  * Detected change in 'C:\\Users\\Test\\Desktop\\glossary_service\\Indic-Glossary\\service\\dglosservice.py', reloading
[2022-10-04 13:42:08,479] {_internal.py:113} MainThread INFO in _internal:  * Restarting with stat
[2022-10-04 13:42:10,354] {_internal.py:113} MainThread WARNING in _internal:  * Debugger is active!
[2022-10-04 13:42:10,361] {_internal.py:113} MainThread INFO in _internal:  * Debugger PIN: 312-187-937
[2022-10-04 13:42:10,379] {_internal.py:113} Thread-1 INFO in _internal:  * Running on http://localhost:5001/ (Press CTRL+C to quit)
[2022-10-04 13:42:14,150] {dglosservice.py:69} Thread-2 INFO in dglosservice: the data is {'sentences': ['high court of karnataka'], 'srcLanguage': 'en', 'tgtLanguage': 'kn', 'metadata': {'userId': 'userId', 'receivedAt': 1664871134150, 'requestId': '2049da4c-507e-45ab-82ec-f08814c4d990'}}
[2022-10-04 13:42:14,180] {_internal.py:113} Thread-2 INFO in _internal: 127.0.0.1 - - [04/Oct/2022 13:42:14] "[31m[1mGET /glossary-service/v1/sentence/phrases/search HTTP/1.1[0m" 400 -
[2022-10-04 13:42:28,698] {dglosservice.py:69} Thread-3 INFO in dglosservice: the data is {'inputs': ['high court of karnataka'], 'srcLanguage': 'en', 'tgtLanguage': 'kn', 'metadata': {'userId': 'userId', 'receivedAt': 1664871148698, 'requestId': 'caf29ff9-f3fd-4979-9ef0-430143093761'}}
[2022-10-04 13:42:28,700] {dglosservice.py:72} Thread-3 INFO in dglosservice: caf29ff9-f3fd-4979-9ef0-430143093761 | Searching Glossary for phrases in: high court of karnataka
[2022-10-04 13:42:28,720] {dglosrepo.py:90} Thread-3 INFO in dglosrepo: Got 5 Hits!
[2022-10-04 13:42:28,720] {dglosservice.py:79} Thread-3 INFO in dglosservice: caf29ff9-f3fd-4979-9ef0-430143093761 | sentence: high court of karnataka | compute_details: {'srcLanguage': 'en', 'tgtLanguage': 'hi', 'srcText': 'high court of karnataka', 'tgtText': 'कर्नाटक उच्च न्यायालय', 'domain': 'legal', 'collectionSource': 'Anuvaad', 'level': 'p'}
[2022-10-04 13:42:28,722] {dglosservice.py:82} Thread-3 INFO in dglosservice: the result  is [{'input': 'high court of karnataka', 'glossaryPhrases': [{'srcLanguage': 'en', 'tgtLanguage': 'hi', 'srcText': 'high court of karnataka', 'tgtText': 'कर्नाटक उच्च न्यायालय', 'domain': 'legal', 'collectionSource': 'Anuvaad', 'level': 'p'}, {'srcLanguage': 'en', 'tgtLanguage': 'hi', 'srcText': 'high court of karnataka', 'tgtText': 'कर्नाटक उच्च न्यायालय', 'domain': 'legal', 'collectionSource': 'Anuvaad', 'level': 'p'}, {'srcLanguage': 'en', 'tgtLanguage': 'hi', 'srcText': 'high court', 'tgtText': 'उच्च न्यायालय', 'domain': 'legal', 'collectionSource': 'Anuvaad', 'level': 'p'}, {'srcLanguage': 'en', 'tgtLanguage': 'hi', 'srcText': ' karnataka', 'tgtText': 'कर्नाटक', 'domain': 'legal', 'collectionSource': 'Anuvaad', 'level': 'p'}, {'srcLanguage': 'en', 'tgtLanguage': 'kn', 'srcText': ' karnataka', 'tgtText': 'ಕರ್ನಾಟಕ', 'domain': 'legal', 'collectionSource': 'Anuvaad', 'level': 'p'}]}]
[2022-10-04 13:42:28,724] {_internal.py:113} Thread-3 INFO in _internal: 127.0.0.1 - - [04/Oct/2022 13:42:28] "[37mGET /glossary-service/v1/sentence/phrases/search HTTP/1.1[0m" 200 -
[2022-10-04 13:44:49,006] {_internal.py:113} MainThread INFO in _internal:  * Detected change in 'C:\\Users\\Test\\Desktop\\glossary_service\\Indic-Glossary\\service\\dglosservice.py', reloading
[2022-10-04 13:44:49,117] {_internal.py:113} MainThread INFO in _internal:  * Restarting with stat
[2022-10-04 13:44:50,878] {_internal.py:113} MainThread WARNING in _internal:  * Debugger is active!
[2022-10-04 13:44:50,885] {_internal.py:113} MainThread INFO in _internal:  * Debugger PIN: 312-187-937
[2022-10-04 13:44:50,902] {_internal.py:113} Thread-1 INFO in _internal:  * Running on http://localhost:5001/ (Press CTRL+C to quit)
[2022-10-04 13:44:55,716] {dglosservice.py:69} Thread-2 INFO in dglosservice: the data is {'inputs': ['high court of karnataka'], 'srcLanguage': 'en', 'tgtLanguage': 'kn', 'metadata': {'userId': 'userId', 'receivedAt': 1664871295715, 'requestId': '84dca7f9-8309-4d71-bbf2-0dc8a3f9dc18'}}
[2022-10-04 13:44:55,764] {_internal.py:113} Thread-2 INFO in _internal: 127.0.0.1 - - [04/Oct/2022 13:44:55] "[31m[1mGET /glossary-service/v1/sentence/phrases/search HTTP/1.1[0m" 400 -
[2022-10-04 13:45:29,151] {_internal.py:113} MainThread INFO in _internal:  * Detected change in 'C:\\Users\\Test\\Desktop\\glossary_service\\Indic-Glossary\\service\\dglosservice.py', reloading
[2022-10-04 13:45:29,261] {_internal.py:113} MainThread INFO in _internal:  * Restarting with stat
[2022-10-04 13:45:31,081] {_internal.py:113} MainThread WARNING in _internal:  * Debugger is active!
[2022-10-04 13:45:31,088] {_internal.py:113} MainThread INFO in _internal:  * Debugger PIN: 312-187-937
[2022-10-04 13:45:31,104] {_internal.py:113} Thread-1 INFO in _internal:  * Running on http://localhost:5001/ (Press CTRL+C to quit)
[2022-10-04 13:45:37,382] {dglosservice.py:69} Thread-2 INFO in dglosservice: the data is {'inputs': ['high court of karnataka'], 'srcLanguage': 'en', 'tgtLanguage': 'kn', 'metadata': {'userId': 'userId', 'receivedAt': 1664871337382, 'requestId': 'cf0722dd-8b26-4005-b33a-4b1d1ef5206d'}}
[2022-10-04 13:45:37,383] {dglosservice.py:74} Thread-2 INFO in dglosservice: cf0722dd-8b26-4005-b33a-4b1d1ef5206d | Searching Glossary for phrases in: high court of karnataka
[2022-10-04 13:45:37,414] {dglosrepo.py:90} Thread-2 INFO in dglosrepo: Got 5 Hits!
[2022-10-04 13:45:37,415] {dglosservice.py:81} Thread-2 INFO in dglosservice: cf0722dd-8b26-4005-b33a-4b1d1ef5206d | sentence: high court of karnataka | compute_details: {'srcLanguage': 'en', 'tgtLanguage': 'hi', 'srcText': 'high court of karnataka', 'tgtText': 'कर्नाटक उच्च न्यायालय', 'domain': 'legal', 'collectionSource': 'Anuvaad', 'level': 'p'}
[2022-10-04 13:45:37,415] {dglosservice.py:84} Thread-2 INFO in dglosservice: the result  is [{'input': 'high court of karnataka', 'srcLanguage': 'en', 'tgtLanguage': 'kn', 'glossaryPhrases': [{'srcLanguage': 'en', 'tgtLanguage': 'hi', 'srcText': 'high court of karnataka', 'tgtText': 'कर्नाटक उच्च न्यायालय', 'domain': 'legal', 'collectionSource': 'Anuvaad', 'level': 'p'}, {'srcLanguage': 'en', 'tgtLanguage': 'hi', 'srcText': 'high court of karnataka', 'tgtText': 'कर्नाटक उच्च न्यायालय', 'domain': 'legal', 'collectionSource': 'Anuvaad', 'level': 'p'}, {'srcLanguage': 'en', 'tgtLanguage': 'hi', 'srcText': 'high court', 'tgtText': 'उच्च न्यायालय', 'domain': 'legal', 'collectionSource': 'Anuvaad', 'level': 'p'}, {'srcLanguage': 'en', 'tgtLanguage': 'hi', 'srcText': ' karnataka', 'tgtText': 'कर्नाटक', 'domain': 'legal', 'collectionSource': 'Anuvaad', 'level': 'p'}, {'srcLanguage': 'en', 'tgtLanguage': 'kn', 'srcText': ' karnataka', 'tgtText': 'ಕರ್ನಾಟಕ', 'domain': 'legal', 'collectionSource': 'Anuvaad', 'level': 'p'}]}]
[2022-10-04 13:45:37,417] {_internal.py:113} Thread-2 INFO in _internal: 127.0.0.1 - - [04/Oct/2022 13:45:37] "[37mGET /glossary-service/v1/sentence/phrases/search HTTP/1.1[0m" 200 -
[2022-10-04 13:46:35,582] {dglosservice.py:28} Thread-3 INFO in dglosservice: 9ef354fa-894d-433c-bc6c-de2b9fe7b5d6 | Uploading Glossary...
[2022-10-04 13:46:35,583] {dglosservice.py:35} Thread-3 INFO in dglosservice: 9ef354fa-894d-433c-bc6c-de2b9fe7b5d6 | Pushing to the backup store...
[2022-10-04 13:46:35,618] {dglosservice.py:37} Thread-3 INFO in dglosservice: 9ef354fa-894d-433c-bc6c-de2b9fe7b5d6 | Pushing to ES...
[2022-10-04 13:46:35,984] {dglosservice.py:40} Thread-3 INFO in dglosservice: 9ef354fa-894d-433c-bc6c-de2b9fe7b5d6 | Upload Complete!
[2022-10-04 13:46:35,985] {_internal.py:113} Thread-3 INFO in _internal: 127.0.0.1 - - [04/Oct/2022 13:46:35] "[37mPOST /glossary-service/v1/glossary/create HTTP/1.1[0m" 200 -
[2022-10-04 13:46:50,796] {dglosservice.py:49} Thread-4 INFO in dglosservice: 8ae6901c-7807-4897-b03a-89b99fc1ed38 | Uploading Glossary File...
[2022-10-04 13:46:51,352] {dglosservice.py:28} Thread-4 INFO in dglosservice: 8ae6901c-7807-4897-b03a-89b99fc1ed38 | Uploading Glossary...
[2022-10-04 13:46:51,353] {dglosservice.py:35} Thread-4 INFO in dglosservice: 8ae6901c-7807-4897-b03a-89b99fc1ed38 | Pushing to the backup store...
[2022-10-04 13:46:51,355] {dglosservice.py:37} Thread-4 INFO in dglosservice: 8ae6901c-7807-4897-b03a-89b99fc1ed38 | Pushing to ES...
[2022-10-04 13:46:51,988] {dglosservice.py:40} Thread-4 INFO in dglosservice: 8ae6901c-7807-4897-b03a-89b99fc1ed38 | Upload Complete!
[2022-10-04 13:46:51,988] {dglosservice.py:61} Thread-4 INFO in dglosservice: 8ae6901c-7807-4897-b03a-89b99fc1ed38 | Upload Complete!
[2022-10-04 13:46:51,989] {_internal.py:113} Thread-4 INFO in _internal: 127.0.0.1 - - [04/Oct/2022 13:46:51] "[37mPOST /glossary-service/v1/glossary/file/upload HTTP/1.1[0m" 200 -
[2022-10-04 13:47:06,368] {dglosservice.py:69} Thread-5 INFO in dglosservice: the data is {'inputs': ['high court of karnataka'], 'srcLanguage': 'en', 'tgtLanguage': 'kn', 'metadata': {'userId': 'userId', 'receivedAt': 1664871426368, 'requestId': '8170461b-fe4a-4661-8c7d-16d86ba764a4'}}
[2022-10-04 13:47:06,369] {dglosservice.py:74} Thread-5 INFO in dglosservice: 8170461b-fe4a-4661-8c7d-16d86ba764a4 | Searching Glossary for phrases in: high court of karnataka
[2022-10-04 13:47:06,425] {dglosrepo.py:90} Thread-5 INFO in dglosrepo: Got 5 Hits!
[2022-10-04 13:47:06,426] {dglosservice.py:81} Thread-5 INFO in dglosservice: 8170461b-fe4a-4661-8c7d-16d86ba764a4 | sentence: high court of karnataka | compute_details: {'srcLanguage': 'en', 'tgtLanguage': 'hi', 'srcText': 'high court of karnataka', 'tgtText': 'कर्नाटक उच्च न्यायालय', 'domain': 'legal', 'collectionSource': 'Anuvaad', 'level': 'p'}
[2022-10-04 13:47:06,427] {dglosservice.py:84} Thread-5 INFO in dglosservice: the result  is [{'input': 'high court of karnataka', 'srcLanguage': 'en', 'tgtLanguage': 'kn', 'glossaryPhrases': [{'srcLanguage': 'en', 'tgtLanguage': 'hi', 'srcText': 'high court of karnataka', 'tgtText': 'कर्नाटक उच्च न्यायालय', 'domain': 'legal', 'collectionSource': 'Anuvaad', 'level': 'p'}, {'srcLanguage': 'en', 'tgtLanguage': 'hi', 'srcText': 'high court of karnataka', 'tgtText': 'कर्नाटक उच्च न्यायालय', 'domain': 'legal', 'collectionSource': 'Anuvaad', 'level': 'p'}, {'srcLanguage': 'en', 'tgtLanguage': 'hi', 'srcText': 'high court', 'tgtText': 'उच्च न्यायालय', 'domain': 'legal', 'collectionSource': 'Anuvaad', 'level': 'p'}, {'srcLanguage': 'en', 'tgtLanguage': 'hi', 'srcText': ' karnataka', 'tgtText': 'कर्नाटक', 'domain': 'legal', 'collectionSource': 'Anuvaad', 'level': 'p'}, {'srcLanguage': 'en', 'tgtLanguage': 'kn', 'srcText': ' karnataka', 'tgtText': 'ಕರ್ನಾಟಕ', 'domain': 'legal', 'collectionSource': 'Anuvaad', 'level': 'p'}]}]
[2022-10-04 13:47:06,430] {_internal.py:113} Thread-5 INFO in _internal: 127.0.0.1 - - [04/Oct/2022 13:47:06] "[37mGET /glossary-service/v1/sentence/phrases/search HTTP/1.1[0m" 200 -
[2022-10-04 13:47:15,375] {dglosservice.py:69} Thread-6 INFO in dglosservice: the data is {'inputs': [' karnataka'], 'srcLanguage': 'en', 'tgtLanguage': 'kn', 'metadata': {'userId': 'userId', 'receivedAt': 1664871435375, 'requestId': '81f8bd4b-e486-4045-b027-9e4ea4293c28'}}
[2022-10-04 13:47:15,376] {dglosservice.py:74} Thread-6 INFO in dglosservice: 81f8bd4b-e486-4045-b027-9e4ea4293c28 | Searching Glossary for phrases in:  karnataka
[2022-10-04 13:47:15,386] {dglosrepo.py:90} Thread-6 INFO in dglosrepo: Got 4 Hits!
[2022-10-04 13:47:15,386] {dglosservice.py:81} Thread-6 INFO in dglosservice: 81f8bd4b-e486-4045-b027-9e4ea4293c28 | sentence:  karnataka | compute_details: {'srcLanguage': 'en', 'tgtLanguage': 'kn', 'srcText': ' karnataka', 'tgtText': 'ಕರ್ನಾಟಕ', 'domain': 'legal', 'collectionSource': 'Anuvaad', 'level': 'p'}
[2022-10-04 13:47:15,387] {dglosservice.py:84} Thread-6 INFO in dglosservice: the result  is [{'input': ' karnataka', 'srcLanguage': 'en', 'tgtLanguage': 'kn', 'glossaryPhrases': [{'srcLanguage': 'en', 'tgtLanguage': 'hi', 'srcText': ' karnataka', 'tgtText': 'कर्नाटक', 'domain': 'legal', 'collectionSource': 'Anuvaad', 'level': 'p'}, {'srcLanguage': 'en', 'tgtLanguage': 'kn', 'srcText': ' karnataka', 'tgtText': 'ಕರ್ನಾಟಕ', 'domain': 'legal', 'collectionSource': 'Anuvaad', 'level': 'p'}, {'srcLanguage': 'en', 'tgtLanguage': 'hi', 'srcText': 'high court of karnataka', 'tgtText': 'कर्नाटक उच्च न्यायालय', 'domain': 'legal', 'collectionSource': 'Anuvaad', 'level': 'p'}, {'srcLanguage': 'en', 'tgtLanguage': 'hi', 'srcText': 'high court of karnataka', 'tgtText': 'कर्नाटक उच्च न्यायालय', 'domain': 'legal', 'collectionSource': 'Anuvaad', 'level': 'p'}]}]
[2022-10-04 13:47:15,389] {_internal.py:113} Thread-6 INFO in _internal: 127.0.0.1 - - [04/Oct/2022 13:47:15] "[37mGET /glossary-service/v1/sentence/phrases/search HTTP/1.1[0m" 200 -
[2022-10-04 13:56:51,427] {dglosservice.py:69} Thread-7 INFO in dglosservice: the data is {'inputs': ['high court of karnataka'], 'metadata': {'userId': 'userId', 'receivedAt': 1664872011427, 'requestId': '03dbd57d-54b8-4575-b5d9-e6364cd691f7'}}
[2022-10-04 13:56:51,475] {_internal.py:113} Thread-7 INFO in _internal: 127.0.0.1 - - [04/Oct/2022 13:56:51] "[31m[1mGET /glossary-service/v1/sentence/phrases/search HTTP/1.1[0m" 400 -
[2022-10-04 13:57:20,659] {_internal.py:113} MainThread INFO in _internal:  * Detected change in 'C:\\Users\\Test\\Desktop\\glossary_service\\Indic-Glossary\\service\\dglosservice.py', reloading
[2022-10-04 13:57:21,199] {_internal.py:113} MainThread INFO in _internal:  * Restarting with stat
[2022-10-04 13:57:23,029] {_internal.py:113} MainThread WARNING in _internal:  * Debugger is active!
[2022-10-04 13:57:23,035] {_internal.py:113} MainThread INFO in _internal:  * Debugger PIN: 312-187-937
[2022-10-04 13:57:23,051] {_internal.py:113} Thread-1 INFO in _internal:  * Running on http://localhost:5001/ (Press CTRL+C to quit)
[2022-10-04 13:57:26,878] {dglosservice.py:69} Thread-2 INFO in dglosservice: the data is {'inputs': ['high court of karnataka'], 'metadata': {'userId': 'userId', 'receivedAt': 1664872046878, 'requestId': '7b454027-ea31-444d-8411-318867d9f5ed'}}
[2022-10-04 13:57:26,879] {dglosservice.py:74} Thread-2 INFO in dglosservice: 7b454027-ea31-444d-8411-318867d9f5ed | Searching Glossary for phrases in: high court of karnataka
[2022-10-04 13:57:26,887] {dglosrepo.py:90} Thread-2 INFO in dglosrepo: Got 5 Hits!
[2022-10-04 13:57:26,887] {dglosservice.py:81} Thread-2 INFO in dglosservice: 7b454027-ea31-444d-8411-318867d9f5ed | sentence: high court of karnataka | compute_details: {'srcLanguage': 'en', 'tgtLanguage': 'hi', 'srcText': 'high court of karnataka', 'tgtText': 'कर्नाटक उच्च न्यायालय', 'domain': 'legal', 'collectionSource': 'Anuvaad', 'level': 'p'}
[2022-10-04 13:57:26,888] {dglosservice.py:84} Thread-2 INFO in dglosservice: the result  is [{'input': 'high court of karnataka', 'glossaryPhrases': [{'srcLanguage': 'en', 'tgtLanguage': 'hi', 'srcText': 'high court of karnataka', 'tgtText': 'कर्नाटक उच्च न्यायालय', 'domain': 'legal', 'collectionSource': 'Anuvaad', 'level': 'p'}, {'srcLanguage': 'en', 'tgtLanguage': 'hi', 'srcText': 'high court of karnataka', 'tgtText': 'कर्नाटक उच्च न्यायालय', 'domain': 'legal', 'collectionSource': 'Anuvaad', 'level': 'p'}, {'srcLanguage': 'en', 'tgtLanguage': 'hi', 'srcText': 'high court', 'tgtText': 'उच्च न्यायालय', 'domain': 'legal', 'collectionSource': 'Anuvaad', 'level': 'p'}, {'srcLanguage': 'en', 'tgtLanguage': 'hi', 'srcText': ' karnataka', 'tgtText': 'कर्नाटक', 'domain': 'legal', 'collectionSource': 'Anuvaad', 'level': 'p'}, {'srcLanguage': 'en', 'tgtLanguage': 'kn', 'srcText': ' karnataka', 'tgtText': 'ಕರ್ನಾಟಕ', 'domain': 'legal', 'collectionSource': 'Anuvaad', 'level': 'p'}]}]
[2022-10-04 13:57:26,890] {_internal.py:113} Thread-2 INFO in _internal: 127.0.0.1 - - [04/Oct/2022 13:57:26] "[37mGET /glossary-service/v1/sentence/phrases/search HTTP/1.1[0m" 200 -
